14.05.2016 12:34:40 | alembicExport    - start                  | INFO     | arichter     | START
14.05.2016 12:37:00 | alembicExport    - start                  | INFO     | arichter     | START
14.05.2016 12:38:17 | alembicExport    - exportAlembic          | ERROR    | arichter     | FAIL: Couldnt export - AbcExport -j "-frameRange 1 200 -attr name -writeVisibility -dataFormat hdf -root CAM -root BULL -root HORSE -file //bigfoot/revierkampf/25_rnd/s900_testShot/30_SHD/PUBLISH/s900_testShot.abc";
AbcExport -j "-frameRange 1 200 -attr name -writeVisibility -dataFormat hdf -root CAM -root BULL -root HORSE -file //bigfoot/revierkampf/25_rnd/s900_testShot/30_SHD/PUBLISH/s900_testShot.abc";
14.05.2016 12:38:37 | alembicExport    - clicked_report         | INFO     | arichter     | REPORT
14.05.2016 12:38:39 | alembicExport    - clicked_report         | INFO     | arichter     | REPORT
14.05.2016 12:38:39 | alembicExport    - clicked_report         | INFO     | arichter     | REPORT
14.05.2016 12:38:39 | alembicExport    - clicked_report         | INFO     | arichter     | REPORT
14.05.2016 12:39:50 | alembicExport    - start                  | INFO     | arichter     | START
14.05.2016 12:39:51 | alembicExport    - clicked_report         | INFO     | arichter     | REPORT
14.05.2016 12:41:22 | alembicExport    - start                  | INFO     | arichter     | START
14.05.2016 12:41:24 | alembicExport    - clicked_report         | INFO     | arichter     | REPORT
14.05.2016 12:41:44 | alembicExport    - start                  | INFO     | arichter     | START
14.05.2016 12:53:48 | alembicExport    - start                  | INFO     | arichter     | START
14.05.2016 12:53:51 | alembicExport    - exportAlembic          | ERROR    | arichter     | FAIL: Couldnt export - AbcExport -j "-frameRange 1 200 -attr name -writeVisibility -dataFormat hdf -root CAM -root bull -root horse -file //bigfoot/revierkampf/25_rnd/s900_testShot/30_SHD/PUBLISH/s900_testShot.abc";
AbcExport -j "-frameRange 1 200 -attr name -writeVisibility -dataFormat hdf -root CAM -root bull -root horse -file //bigfoot/revierkampf/25_rnd/s900_testShot/30_SHD/PUBLISH/s900_testShot.abc";
14.05.2016 13:27:00 | alembicExport    - start                  | INFO     | arichter     | START
14.05.2016 13:27:03 | alembicExport    - exportAlembic          | ERROR    | arichter     | FAIL: Couldnt export - AbcExport -j "-frameRange 1 200 -attr name -writeVisibility -dataFormat hdf -root CAM -file //bigfoot/revierkampf/40_shots/s000_ALEMBIC/s900_testShot.abc";
AbcExport -j "-frameRange 1 200 -attr name -writeVisibility -dataFormat hdf -root CAM -file //bigfoot/revierkampf/40_shots/s000_ALEMBIC/s900_testShot.abc";
14.05.2016 13:27:13 | alembicExport    - exportAlembic          | ERROR    | arichter     | FAIL: Couldnt export - AbcExport -j "-frameRange 1 200 -attr name -writeVisibility -dataFormat hdf -root CAM -file //bigfoot/revierkampf/40_shots/s000_ALEMBIC/s900_testShot.abc";
AbcExport -j "-frameRange 1 200 -attr name -writeVisibility -dataFormat hdf -root CAM -file //bigfoot/revierkampf/40_shots/s000_ALEMBIC/s900_testShot.abc";
14.05.2016 13:27:22 | alembicExport    - exportAlembic          | ERROR    | arichter     | FAIL: Couldnt export - AbcExport -j "-frameRange 1 200 -writeVisibility -dataFormat hdf -root ASSETS -file //bigfoot/revierkampf/40_shots/s000_ALEMBIC/FX_GEO/ASSETS.abc";
AbcExport -j "-frameRange 1 200 -writeVisibility -dataFormat hdf -root ASSETS -file //bigfoot/revierkampf/40_shots/s000_ALEMBIC/FX_GEO/ASSETS.abc";
14.05.2016 13:27:22 | alembicExport    - exportAlembic          | ERROR    | arichter     | FAIL: Couldnt export - AbcExport -j "-frameRange 1 200 -writeVisibility -dataFormat hdf -root CAM -file //bigfoot/revierkampf/40_shots/s000_alembic/fx_geo/cam.abc";
AbcExport -j "-frameRange 1 200 -writeVisibility -dataFormat hdf -root CAM -file //bigfoot/revierkampf/40_shots/s000_alembic/fx_geo/cam.abc";
14.05.2016 13:27:32 | alembicExport    - exportAlembic          | ERROR    | arichter     | FAIL: Couldnt export Alembic!
No ASSETS and/or CAM group in the scene!
AbcExport -j "-frameRange 1 200 -attr name -writeVisibility -dataFormat hdf -root ASSETS -root CAM -file //bigfoot/revierkampf/40_shots/s000_ALEMBIC/s900_testShot.abc";
17.05.2016 17:51:45 | alembicExport    - start                  | INFO     | arichter     | START
17.05.2016 17:52:30 | alembicExport    - start                  | INFO     | arichter     | START
17.05.2016 17:52:32 | alembicExport    - clicked_report         | INFO     | arichter     | REPORT
17.05.2016 17:53:10 | alembicExport    - start                  | INFO     | arichter     | START
17.05.2016 17:59:16 | alembicExport    - start                  | INFO     | arichter     | START
17.05.2016 17:59:21 | alembicExport    - exportAlembic          | ERROR    | arichter     | FAIL: Couldnt export - AbcExport -j "-frameRange 1 200 -writeVisibility -dataFormat hdf -root s000_CAM -file //bigfoot/revierkampf/40_shots/s000_alembics000_cam.abc";
AbcExport -j "-frameRange 1 200 -writeVisibility -dataFormat hdf -root s000_CAM -file //bigfoot/revierkampf/40_shots/s000_alembics000_cam.abc";
17.05.2016 17:59:21 | alembicExport    - exportAlembic          | ERROR    | arichter     | FAIL: Couldnt export - AbcExport -j "-frameRange 1 200 -writeVisibility -dataFormat hdf -root BULL -file //bigfoot/revierkampf/40_shots/s000_ALEMBICBULL.abc";
AbcExport -j "-frameRange 1 200 -writeVisibility -dataFormat hdf -root BULL -file //bigfoot/revierkampf/40_shots/s000_ALEMBICBULL.abc";
17.05.2016 17:59:21 | alembicExport    - exportAlembic          | ERROR    | arichter     | FAIL: Couldnt export - AbcExport -j "-frameRange 1 200 -writeVisibility -dataFormat hdf -root HORSE -file //bigfoot/revierkampf/40_shots/s000_ALEMBICHORSE.abc";
AbcExport -j "-frameRange 1 200 -writeVisibility -dataFormat hdf -root HORSE -file //bigfoot/revierkampf/40_shots/s000_ALEMBICHORSE.abc";
17.05.2016 18:00:09 | alembicExport    - exportAlembic          | INFO     | arichter     | END : AbcExport -j "-frameRange 1 200 -writeVisibility -dataFormat hdf -root s000_CAM -file //bigfoot/revierkampf/40_shots/s000_alembics000_cam.abc";
17.05.2016 18:00:33 | alembicExport    - exportAlembic          | INFO     | arichter     | END : AbcExport -j "-frameRange 1 200 -writeVisibility -dataFormat hdf -root BULL -file //bigfoot/revierkampf/40_shots/s000_ALEMBICBULL.abc";
17.05.2016 18:00:59 | alembicExport    - exportAlembic          | INFO     | arichter     | END : AbcExport -j "-frameRange 1 200 -writeVisibility -dataFormat hdf -root HORSE -file //bigfoot/revierkampf/40_shots/s000_ALEMBICHORSE.abc";
17.05.2016 18:01:34 | alembicExport    - exportAlembic          | INFO     | arichter     | END : AbcExport -j "-frameRange 1 200 -writeVisibility -dataFormat hdf -root s000_CAM -file //bigfoot/revierkampf/40_shots/s000_alembics000_cam.abc";
17.05.2016 18:02:49 | alembicExport    - exportAlembic          | INFO     | arichter     | END : AbcExport -j "-frameRange 1 10 -writeVisibility -dataFormat hdf -root s000_CAM -file //bigfoot/revierkampf/40_shots/s000_alembics000_cam.abc";
17.05.2016 18:05:04 | alembicExport    - exportAlembic          | INFO     | arichter     | END : AbcExport -j "-frameRange 1 10 -writeVisibility -dataFormat hdf -root s000_CAM -file //bigfoot/revierkampf/40_shots/s000_alembics000_cam.abc";
17.05.2016 18:07:11 | alembicExport    - exportAlembic          | INFO     | arichter     | END : AbcExport -j "-frameRange 1 10 -writeVisibility -dataFormat hdf -root s000_CAM -file //bigfoot/revierkampf/40_shots/s000_alembics000_cam.abc";
17.05.2016 18:08:24 | alembicExport    - exportAlembic          | INFO     | arichter     | END : AbcExport -j "-frameRange 1 10 -writeVisibility -dataFormat hdf -root s000_CAM -file //bigfoot/revierkampf/40_shots/s000_alembics000_cam.abc";
17.05.2016 18:09:43 | alembicExport    - start                  | INFO     | arichter     | START
17.05.2016 18:09:52 | alembicExport    - exportAlembic          | INFO     | arichter     | END : AbcExport -j "-frameRange 1 10 -attr name -writeVisibility -dataFormat hdf -root s000_CAM -file //bigfoot/revierkampf/40_shots/s000_ALEMBIC/s900_dodge.abc";
17.05.2016 18:31:00 | alembicExport    - exportAlembic          | INFO     | arichter     | END : AbcExport -j "-frameRange 1 10 -attr name -writeVisibility -dataFormat hdf -root s000_CAM -root BULL -file //bigfoot/revierkampf/40_shots/s000_ALEMBIC/s900_dodge.abc";
17.05.2016 18:31:11 | alembicExport    - exportAlembic          | INFO     | arichter     | END : AbcExport -j "-frameRange 1 10 -writeVisibility -dataFormat hdf -root s000_CAM -file //bigfoot/revierkampf/40_shots/s000_alembics000_cam.abc";
17.05.2016 18:31:28 | alembicExport    - exportAlembic          | INFO     | arichter     | END : AbcExport -j "-frameRange 1 10 -writeVisibility -dataFormat hdf -root BULL -file //bigfoot/revierkampf/40_shots/s000_ALEMBICBULL.abc";
17.05.2016 18:31:31 | alembicExport    - exportAlembic          | INFO     | arichter     | END : AbcExport -j "-frameRange 1 10 -writeVisibility -dataFormat hdf -root HORSE -file //bigfoot/revierkampf/40_shots/s000_ALEMBICHORSE.abc";
17.05.2016 18:33:21 | alembicExport    - exportAlembic          | INFO     | arichter     | END : AbcExport -j "-frameRange 1 10 -writeVisibility -dataFormat hdf -root CAM -file //bigfoot/revierkampf/40_shots/s000_alembiccam.abc";
17.05.2016 18:33:23 | alembicExport    - exportAlembic          | INFO     | arichter     | END : AbcExport -j "-frameRange 1 10 -writeVisibility -dataFormat hdf -root Movetest13:OX:Top -file //bigfoot/revierkampf/40_shots/s000_ALEMBICbull.abc";
17.05.2016 18:33:25 | alembicExport    - exportAlembic          | INFO     | arichter     | END : AbcExport -j "-frameRange 1 10 -writeVisibility -dataFormat hdf -root Movetest13:horse_rig_v0_2_4_beta:horse_controls -root Movetest13:horse_rig_v0_2_4_beta:horse_DO_NOT_TOUCH -file //bigfoot/revierkampf/40_shots/s000_ALEMBIChorse.abc";
17.05.2016 18:35:15 | alembicExport    - start                  | INFO     | arichter     | START
17.05.2016 18:35:25 | alembicExport    - exportAlembic          | INFO     | arichter     | END : AbcExport -j "-frameRange 1 10 -writeVisibility -dataFormat hdf -root CAM -file //bigfoot/revierkampf/40_shots/s000_ALEMBICcam.abc";
17.05.2016 18:35:27 | alembicExport    - exportAlembic          | INFO     | arichter     | END : AbcExport -j "-frameRange 1 10 -writeVisibility -dataFormat hdf -root Movetest13:OX:Top -file //bigfoot/revierkampf/40_shots/s000_ALEMBICbull.abc";
17.05.2016 18:35:29 | alembicExport    - exportAlembic          | INFO     | arichter     | END : AbcExport -j "-frameRange 1 10 -writeVisibility -dataFormat hdf -root Movetest13:horse_rig_v0_2_4_beta:horse_controls -root Movetest13:horse_rig_v0_2_4_beta:horse_DO_NOT_TOUCH -file //bigfoot/revierkampf/40_shots/s000_ALEMBIChorse.abc";
17.05.2016 18:35:37 | alembicExport    - exportAlembic          | INFO     | arichter     | END : AbcExport -j "-frameRange 1 10 -writeVisibility -dataFormat hdf -root CAM -file //bigfoot/revierkampf/40_shots/s000_ALEMBICcam.abc";
17.05.2016 18:35:38 | alembicExport    - exportAlembic          | INFO     | arichter     | END : AbcExport -j "-frameRange 1 10 -writeVisibility -dataFormat hdf -root Movetest13:OX:Top -file //bigfoot/revierkampf/40_shots/s000_ALEMBICbull.abc";
17.05.2016 18:35:41 | alembicExport    - exportAlembic          | INFO     | arichter     | END : AbcExport -j "-frameRange 1 10 -writeVisibility -dataFormat hdf -root Movetest13:horse_rig_v0_2_4_beta:horse_controls -root Movetest13:horse_rig_v0_2_4_beta:horse_DO_NOT_TOUCH -file //bigfoot/revierkampf/40_shots/s000_ALEMBIChorse.abc";
17.05.2016 18:36:29 | alembicExport    - start                  | INFO     | arichter     | START
17.05.2016 18:36:36 | alembicExport    - exportAlembic          | INFO     | arichter     | END : AbcExport -j "-frameRange 1 10 -writeVisibility -dataFormat hdf -root CAM -file //bigfoot/revierkampf/40_shots/s000_ALEMBIC/s900_dodge_cam.abc";
17.05.2016 18:36:37 | alembicExport    - exportAlembic          | INFO     | arichter     | END : AbcExport -j "-frameRange 1 10 -writeVisibility -dataFormat hdf -root Movetest13:OX:Top -file //bigfoot/revierkampf/40_shots/s000_ALEMBIC/s900_dodge_bull.abc";
17.05.2016 18:36:40 | alembicExport    - exportAlembic          | INFO     | arichter     | END : AbcExport -j "-frameRange 1 10 -writeVisibility -dataFormat hdf -root Movetest13:horse_rig_v0_2_4_beta:horse_controls -root Movetest13:horse_rig_v0_2_4_beta:horse_DO_NOT_TOUCH -file //bigfoot/revierkampf/40_shots/s000_ALEMBIC/s900_dodge_horse.abc";
17.05.2016 18:37:33 | alembicExport    - start                  | INFO     | arichter     | START
17.05.2016 18:37:43 | alembicExport    - exportAlembic          | INFO     | arichter     | END : AbcExport -j "-frameRange 1 10 -writeVisibility -dataFormat hdf -root ASSETS -file //bigfoot/revierkampf/40_shots/s000_ALEMBIC/s900_dodge_ASSETS.abc";
17.05.2016 18:37:44 | alembicExport    - exportAlembic          | INFO     | arichter     | END : AbcExport -j "-frameRange 1 10 -writeVisibility -dataFormat hdf -root CAM -file //bigfoot/revierkampf/40_shots/s000_ALEMBIC/s900_dodge_cam.abc";
17.05.2016 18:37:57 | alembicExport    - exportAlembic          | INFO     | arichter     | END : AbcExport -j "-frameRange 1 10 -writeVisibility -dataFormat hdf -root Movetest13:OX:Top -file //bigfoot/revierkampf/40_shots/s000_ALEMBIC/s900_dodge_bull.abc";
17.05.2016 18:38:00 | alembicExport    - exportAlembic          | INFO     | arichter     | END : AbcExport -j "-frameRange 1 10 -writeVisibility -dataFormat hdf -root Movetest13:horse_rig_v0_2_4_beta:horse_controls -root Movetest13:horse_rig_v0_2_4_beta:horse_DO_NOT_TOUCH -file //bigfoot/revierkampf/40_shots/s000_ALEMBIC/s900_dodge_horse.abc";
17.05.2016 18:38:00 | alembicExport    - exportAlembic          | INFO     | arichter     | END : AbcExport -j "-frameRange 1 10 -writeVisibility -dataFormat hdf -root arena -file //bigfoot/revierkampf/40_shots/s000_ALEMBIC/s900_dodge_arena.abc";
17.05.2016 18:38:03 | alembicExport    - exportAlembic          | INFO     | arichter     | END : AbcExport -j "-frameRange 1 10 -writeVisibility -dataFormat hdf -root ASSETS -file //bigfoot/revierkampf/40_shots/s000_ALEMBIC/s900_dodge_ASSETS.abc";
17.05.2016 18:38:11 | alembicExport    - exportAlembic          | INFO     | arichter     | END : AbcExport -j "-frameRange 1 10 -writeVisibility -dataFormat hdf -root Movetest13:OX:Top -file //bigfoot/revierkampf/40_shots/s000_ALEMBIC/s900_dodge_bull.abc";
17.05.2016 18:38:13 | alembicExport    - exportAlembic          | INFO     | arichter     | END : AbcExport -j "-frameRange 1 10 -writeVisibility -dataFormat hdf -root Movetest13:horse_rig_v0_2_4_beta:horse_controls -root Movetest13:horse_rig_v0_2_4_beta:horse_DO_NOT_TOUCH -file //bigfoot/revierkampf/40_shots/s000_ALEMBIC/s900_dodge_horse.abc";
17.05.2016 18:38:14 | alembicExport    - exportAlembic          | INFO     | arichter     | END : AbcExport -j "-frameRange 1 10 -writeVisibility -dataFormat hdf -root arena -file //bigfoot/revierkampf/40_shots/s000_ALEMBIC/s900_dodge_arena.abc";
17.05.2016 18:38:17 | alembicExport    - exportAlembic          | INFO     | arichter     | END : AbcExport -j "-frameRange 1 10 -writeVisibility -dataFormat hdf -root ASSETS -file //bigfoot/revierkampf/40_shots/s000_ALEMBIC/s900_dodge_ASSETS.abc";
17.05.2016 18:38:43 | alembicExport    - exportAlembic          | INFO     | arichter     | END : AbcExport -j "-frameRange 1 10 -writeVisibility -dataFormat hdf -root CAM -file //bigfoot/revierkampf/40_shots/s000_ALEMBIC/s900_dodge_cam.abc";
17.05.2016 18:38:45 | alembicExport    - exportAlembic          | INFO     | arichter     | END : AbcExport -j "-frameRange 1 10 -writeVisibility -dataFormat hdf -root Movetest13:OX:Top -file //bigfoot/revierkampf/40_shots/s000_ALEMBIC/s900_dodge_bull.abc";
17.05.2016 18:38:47 | alembicExport    - exportAlembic          | INFO     | arichter     | END : AbcExport -j "-frameRange 1 10 -writeVisibility -dataFormat hdf -root Movetest13:horse_rig_v0_2_4_beta:horse_controls -root Movetest13:horse_rig_v0_2_4_beta:horse_DO_NOT_TOUCH -file //bigfoot/revierkampf/40_shots/s000_ALEMBIC/s900_dodge_horse.abc";
17.05.2016 18:39:05 | alembicExport    - exportAlembic          | INFO     | arichter     | END : AbcExport -j "-frameRange 1 10 -writeVisibility -dataFormat hdf -root CAM -file //bigfoot/revierkampf/40_shots/s000_ALEMBIC/s900_dodge_cam.abc";
17.05.2016 18:39:06 | alembicExport    - exportAlembic          | INFO     | arichter     | END : AbcExport -j "-frameRange 1 10 -writeVisibility -dataFormat hdf -root Movetest13:OX:Top -file //bigfoot/revierkampf/40_shots/s000_ALEMBIC/s900_dodge_bull.abc";
17.05.2016 18:39:09 | alembicExport    - exportAlembic          | INFO     | arichter     | END : AbcExport -j "-frameRange 1 10 -writeVisibility -dataFormat hdf -root Movetest13:horse_rig_v0_2_4_beta:horse_controls -root Movetest13:horse_rig_v0_2_4_beta:horse_DO_NOT_TOUCH -file //bigfoot/revierkampf/40_shots/s000_ALEMBIC/s900_dodge_horse.abc";
17.05.2016 18:39:09 | alembicExport    - exportAlembic          | INFO     | arichter     | END : AbcExport -j "-frameRange 1 10 -writeVisibility -dataFormat hdf -root arena -file //bigfoot/revierkampf/40_shots/s000_ALEMBIC/s900_dodge_arena.abc";
17.05.2016 18:39:13 | alembicExport    - exportAlembic          | INFO     | arichter     | END : AbcExport -j "-frameRange 1 10 -writeVisibility -dataFormat hdf -root ASSETS -file //bigfoot/revierkampf/40_shots/s000_ALEMBIC/s900_dodge_ASSETS.abc";
17.05.2016 18:39:52 | alembicExport    - start                  | INFO     | arichter     | START
17.05.2016 18:39:56 | alembicExport    - clicked_report         | INFO     | arichter     | REPORT
17.05.2016 18:41:25 | alembicExport    - clicked_report         | INFO     | arichter     | REPORT
17.05.2016 18:41:36 | alembicExport    - clicked_report         | INFO     | arichter     | REPORT
17.05.2016 18:42:01 | alembicExport    - start                  | INFO     | arichter     | START
17.05.2016 18:42:11 | alembicExport    - exportAlembic          | INFO     | arichter     | END : AbcExport -j "-frameRange 1 10 -writeVisibility -dataFormat hdf -root LGT -file //bigfoot/revierkampf/40_shots/s000_ALEMBIC/s900_dodge_LGT.abc";
17.05.2016 19:04:41 | alembicExport    - start                  | INFO     | arichter     | START
17.05.2016 19:04:48 | alembicExport    - exportAlembic          | INFO     | arichter     | END : AbcExport -j "-frameRange 1 10 -writeVisibility -dataFormat hdf -root CAM -file //bigfoot/revierkampf/40_shots/s000_ALEMBIC/40_ANIM/WORK/s900_dodge_cam.abc";
17.05.2016 19:04:50 | alembicExport    - exportAlembic          | INFO     | arichter     | END : AbcExport -j "-frameRange 1 10 -writeVisibility -dataFormat hdf -root Movetest13:OX:Top -file //bigfoot/revierkampf/40_shots/s000_ALEMBIC/40_ANIM/WORK/s900_dodge_bull.abc";
17.05.2016 19:04:52 | alembicExport    - exportAlembic          | INFO     | arichter     | END : AbcExport -j "-frameRange 1 10 -writeVisibility -dataFormat hdf -root Movetest13:horse_rig_v0_2_4_beta:horse_controls -root Movetest13:horse_rig_v0_2_4_beta:horse_DO_NOT_TOUCH -file //bigfoot/revierkampf/40_shots/s000_ALEMBIC/40_ANIM/WORK/s900_dodge_horse.abc";
19.05.2016 13:03:37 | alembicExport    - start                  | INFO     | arichter     | START
19.05.2016 13:04:16 | alembicExport    - exportAlembic          | INFO     | arichter     | END : AbcExport -j "-frameRange 1 200 -writeVisibility -dataFormat hdf -root CAM -file //bigfoot/revierkampf/40_shots/s000_ALEMBIC/40_ANIM/WORK/s900_dodge_cam.abc";
19.05.2016 13:04:38 | alembicExport    - exportAlembic          | INFO     | arichter     | END : AbcExport -j "-frameRange 1 200 -writeVisibility -dataFormat hdf -root Movetest13:OX:Top -file //bigfoot/revierkampf/40_shots/s000_ALEMBIC/40_ANIM/WORK/s900_dodge_bull.abc";
19.05.2016 13:05:03 | alembicExport    - exportAlembic          | INFO     | arichter     | END : AbcExport -j "-frameRange 1 200 -writeVisibility -dataFormat hdf -root Movetest13:horse_rig_v0_2_4_beta:horse_controls -root Movetest13:horse_rig_v0_2_4_beta:horse_DO_NOT_TOUCH -file //bigfoot/revierkampf/40_shots/s000_ALEMBIC/40_ANIM/WORK/s900_dodge_horse.abc";
19.05.2016 13:06:47 | alembicExport    - start                  | INFO     | arichter     | START
19.05.2016 13:07:16 | alembicExport    - exportAlembic          | INFO     | arichter     | END : AbcExport -j "-frameRange 1 200 -writeVisibility -dataFormat hdf -root CAM -file //bigfoot/revierkampf/40_shots/s000_ALEMBIC/40_ANIM/WORK/s900_dodge_cam.abc";
19.05.2016 13:10:51 | alembicExport    - start                  | INFO     | arichter     | START
19.05.2016 13:11:00 | alembicExport    - start                  | INFO     | arichter     | START
19.05.2016 13:13:05 | alembicExport    - start                  | INFO     | arichter     | START
19.05.2016 13:13:09 | alembicExport    - exportAlembic          | INFO     | arichter     | END : AbcExport -j "-frameRange 1 10 -writeVisibility -dataFormat hdf -root CAM -file //bigfoot/revierkampf/40_shots/s000_ALEMBIC/40_ANIM/WORK/s900_dodge_cam.abc";
19.05.2016 13:13:11 | alembicExport    - exportAlembic          | INFO     | arichter     | END : AbcExport -j "-frameRange 1 10 -writeVisibility -dataFormat hdf -root Movetest13:OX:Top -file //bigfoot/revierkampf/40_shots/s000_ALEMBIC/40_ANIM/WORK/s900_dodge_bull.abc";
19.05.2016 13:13:14 | alembicExport    - exportAlembic          | INFO     | arichter     | END : AbcExport -j "-frameRange 1 10 -writeVisibility -dataFormat hdf -root Movetest13:horse_rig_v0_2_4_beta:horse_controls -root Movetest13:horse_rig_v0_2_4_beta:horse_DO_NOT_TOUCH -file //bigfoot/revierkampf/40_shots/s000_ALEMBIC/40_ANIM/WORK/s900_dodge_horse.abc";
19.05.2016 13:16:10 | alembicExport    - start                  | INFO     | arichter     | START
19.05.2016 13:16:16 | alembicExport    - exportAlembic          | INFO     | arichter     | END : AbcExport -j "-frameRange 1 10 -writeVisibility -dataFormat hdf -root CAM -file //bigfoot/revierkampf/40_shots/s000_ALEMBIC/40_ANIM/WORK/s900_dodge_cam.abc";
19.05.2016 13:16:25 | alembicExport    - start                  | INFO     | arichter     | START
19.05.2016 13:16:36 | alembicExport    - exportAlembic          | INFO     | arichter     | END : AbcExport -j "-frameRange 1 10 -writeVisibility -dataFormat hdf -root CAM -file //bigfoot/revierkampf/40_shots/s000_ALEMBIC/40_ANIM/WORK/s900_dodge_cam.abc";
19.05.2016 13:16:41 | alembicExport    - start                  | INFO     | arichter     | START
19.05.2016 13:17:38 | alembicExport    - start                  | INFO     | arichter     | START
19.05.2016 13:18:03 | alembicExport    - start                  | INFO     | arichter     | START
19.05.2016 13:18:22 | alembicExport    - start                  | INFO     | arichter     | START
19.05.2016 13:21:45 | alembicExport    - start                  | INFO     | arichter     | START
19.05.2016 13:22:20 | alembicExport    - start                  | INFO     | arichter     | START
19.05.2016 13:24:32 | alembicExport    - start                  | INFO     | arichter     | START
19.05.2016 13:25:21 | alembicExport    - start                  | INFO     | arichter     | START
19.05.2016 13:25:24 | alembicExport    - exportAlembic          | ERROR    | arichter     | FAIL: Couldnt export - AbcExport -j "-frameRange 1 10 -attr name -writeVisibility -dataFormat hdf -root C -root A -root M -file //bigfoot/revierkampf/40_shots/s000_ALEMBIC/40_ANIM/WORK/TEST.abc";
AbcExport -j "-frameRange 1 10 -attr name -writeVisibility -dataFormat hdf -root C -root A -root M -file //bigfoot/revierkampf/40_shots/s000_ALEMBIC/40_ANIM/WORK/TEST.abc";
19.05.2016 13:25:24 | alembicExport    - exportAlembic          | ERROR    | arichter     | FAIL: Couldnt export - AbcExport -j "-frameRange 1 10 -attr name -writeVisibility -dataFormat hdf -root b -root u -root l -root l -file //bigfoot/revierkampf/40_shots/s000_ALEMBIC/40_ANIM/WORK/TEST.abc";
AbcExport -j "-frameRange 1 10 -attr name -writeVisibility -dataFormat hdf -root b -root u -root l -root l -file //bigfoot/revierkampf/40_shots/s000_ALEMBIC/40_ANIM/WORK/TEST.abc";
19.05.2016 13:25:24 | alembicExport    - exportAlembic          | ERROR    | arichter     | FAIL: Couldnt export - AbcExport -j "-frameRange 1 10 -attr name -writeVisibility -dataFormat hdf -root h -root o -root r -root s -root e -file //bigfoot/revierkampf/40_shots/s000_ALEMBIC/40_ANIM/WORK/TEST.abc";
AbcExport -j "-frameRange 1 10 -attr name -writeVisibility -dataFormat hdf -root h -root o -root r -root s -root e -file //bigfoot/revierkampf/40_shots/s000_ALEMBIC/40_ANIM/WORK/TEST.abc";
19.05.2016 13:28:21 | alembicExport    - start                  | INFO     | arichter     | START
19.05.2016 13:28:32 | alembicExport    - exportAlembic          | INFO     | arichter     | END : AbcExport -j "-frameRange 1 10 -writeVisibility -dataFormat hdf -root CAM -file //bigfoot/revierkampf/40_shots/s000_ALEMBIC/40_ANIM/WORK/s900_dodge_cam.abc";
19.05.2016 13:28:34 | alembicExport    - exportAlembic          | INFO     | arichter     | END : AbcExport -j "-frameRange 1 10 -writeVisibility -dataFormat hdf -root Movetest13:OX:Top -file //bigfoot/revierkampf/40_shots/s000_ALEMBIC/40_ANIM/WORK/s900_dodge_bull.abc";
19.05.2016 13:28:36 | alembicExport    - exportAlembic          | INFO     | arichter     | END : AbcExport -j "-frameRange 1 10 -writeVisibility -dataFormat hdf -root Movetest13:horse_rig_v0_2_4_beta:horse_controls -root Movetest13:horse_rig_v0_2_4_beta:horse_DO_NOT_TOUCH -file //bigfoot/revierkampf/40_shots/s000_ALEMBIC/40_ANIM/WORK/s900_dodge_horse.abc";
19.05.2016 13:30:09 | alembicExport    - start                  | INFO     | arichter     | START
19.05.2016 13:30:30 | alembicExport    - start                  | INFO     | arichter     | START
19.05.2016 13:31:13 | alembicExport    - start                  | INFO     | arichter     | START
19.05.2016 13:31:37 | alembicExport    - start                  | INFO     | arichter     | START
19.05.2016 13:40:24 | alembicExport    - start                  | INFO     | arichter     | START
19.05.2016 13:40:54 | alembicExport    - start                  | INFO     | arichter     | START
19.05.2016 13:40:58 | alembicExport    - exportAlembic          | ERROR    | arichter     | FAIL: Couldnt export - AbcExport -j "-frameRange 1 10 -attr name -writeVisibility -dataFormat hdf -root C -root A -root M -file //bigfoot/revierkampf/40_shots/s000_ALEMBIC/40_ANIM/WORK/s900_dodge.abc";
AbcExport -j "-frameRange 1 10 -attr name -writeVisibility -dataFormat hdf -root C -root A -root M -file //bigfoot/revierkampf/40_shots/s000_ALEMBIC/40_ANIM/WORK/s900_dodge.abc";
19.05.2016 13:40:58 | alembicExport    - exportAlembic          | ERROR    | arichter     | FAIL: Couldnt export - AbcExport -j "-frameRange 1 10 -attr name -writeVisibility -dataFormat hdf -root b -root u -root l -root l -file //bigfoot/revierkampf/40_shots/s000_ALEMBIC/40_ANIM/WORK/s900_dodge.abc";
AbcExport -j "-frameRange 1 10 -attr name -writeVisibility -dataFormat hdf -root b -root u -root l -root l -file //bigfoot/revierkampf/40_shots/s000_ALEMBIC/40_ANIM/WORK/s900_dodge.abc";
19.05.2016 13:40:58 | alembicExport    - exportAlembic          | ERROR    | arichter     | FAIL: Couldnt export - AbcExport -j "-frameRange 1 10 -attr name -writeVisibility -dataFormat hdf -root h -root o -root r -root s -root e -file //bigfoot/revierkampf/40_shots/s000_ALEMBIC/40_ANIM/WORK/s900_dodge.abc";
AbcExport -j "-frameRange 1 10 -attr name -writeVisibility -dataFormat hdf -root h -root o -root r -root s -root e -file //bigfoot/revierkampf/40_shots/s000_ALEMBIC/40_ANIM/WORK/s900_dodge.abc";
19.05.2016 13:42:21 | alembicExport    - start                  | INFO     | arichter     | START
19.05.2016 13:42:25 | alembicExport    - exportAlembic          | INFO     | arichter     | END : AbcExport -j "-frameRange 1 10 -writeVisibility -dataFormat hdf -root CAM -file //bigfoot/revierkampf/40_shots/s000_ALEMBIC/40_ANIM/WORK/s900_dodge_cam.abc";
19.05.2016 13:42:27 | alembicExport    - exportAlembic          | INFO     | arichter     | END : AbcExport -j "-frameRange 1 10 -writeVisibility -dataFormat hdf -root Movetest13:OX:Top -file //bigfoot/revierkampf/40_shots/s000_ALEMBIC/40_ANIM/WORK/s900_dodge_bull.abc";
19.05.2016 13:42:29 | alembicExport    - exportAlembic          | INFO     | arichter     | END : AbcExport -j "-frameRange 1 10 -writeVisibility -dataFormat hdf -root Movetest13:horse_rig_v0_2_4_beta:horse_controls -root Movetest13:horse_rig_v0_2_4_beta:horse_DO_NOT_TOUCH -file //bigfoot/revierkampf/40_shots/s000_ALEMBIC/40_ANIM/WORK/s900_dodge_horse.abc";
19.05.2016 13:44:12 | alembicExport    - start                  | INFO     | arichter     | START
19.05.2016 13:44:16 | alembicExport    - exportAlembic          | INFO     | arichter     | END : AbcExport -j "-frameRange 1 10 -writeVisibility -dataFormat hdf -root CAM -file //bigfoot/revierkampf/40_shots/s000_ALEMBIC/40_ANIM/WORK/s900_dodge_cam.abc";
19.05.2016 13:44:17 | alembicExport    - exportAlembic          | INFO     | arichter     | END : AbcExport -j "-frameRange 1 10 -writeVisibility -dataFormat hdf -root Movetest13:OX:Top -file //bigfoot/revierkampf/40_shots/s000_ALEMBIC/40_ANIM/WORK/s900_dodge_bull.abc";
19.05.2016 13:44:20 | alembicExport    - exportAlembic          | INFO     | arichter     | END : AbcExport -j "-frameRange 1 10 -writeVisibility -dataFormat hdf -root Movetest13:horse_rig_v0_2_4_beta:horse_controls -root Movetest13:horse_rig_v0_2_4_beta:horse_DO_NOT_TOUCH -file //bigfoot/revierkampf/40_shots/s000_ALEMBIC/40_ANIM/WORK/s900_dodge_horse.abc";
19.05.2016 13:44:45 | alembicExport    - exportAlembic          | INFO     | arichter     | END : AbcExport -j "-frameRange 1 10 -writeVisibility -dataFormat hdf -root CAM -file //bigfoot/revierkampf/40_shots/s000_ALEMBIC/40_ANIM/WORK/s900_dodge_cam.abc";
19.05.2016 13:44:47 | alembicExport    - exportAlembic          | INFO     | arichter     | END : AbcExport -j "-frameRange 1 10 -writeVisibility -dataFormat hdf -root Movetest13:OX:Top -file //bigfoot/revierkampf/40_shots/s000_ALEMBIC/40_ANIM/WORK/s900_dodge_bull.abc";
19.05.2016 13:44:49 | alembicExport    - exportAlembic          | INFO     | arichter     | END : AbcExport -j "-frameRange 1 10 -writeVisibility -dataFormat hdf -root Movetest13:horse_rig_v0_2_4_beta:horse_controls -root Movetest13:horse_rig_v0_2_4_beta:horse_DO_NOT_TOUCH -file //bigfoot/revierkampf/40_shots/s000_ALEMBIC/40_ANIM/WORK/s900_dodge_horse.abc";
19.05.2016 13:44:53 | alembicExport    - start                  | INFO     | arichter     | START
19.05.2016 13:44:56 | alembicExport    - exportAlembic          | ERROR    | arichter     | FAIL: Couldnt export - AbcExport -j "-frameRange 1 10 -attr name -writeVisibility -dataFormat hdf -root C -root A -root M -file //bigfoot/revierkampf/40_shots/s000_ALEMBIC/40_ANIM/WORK/s900_dodge.abc";
AbcExport -j "-frameRange 1 10 -attr name -writeVisibility -dataFormat hdf -root C -root A -root M -file //bigfoot/revierkampf/40_shots/s000_ALEMBIC/40_ANIM/WORK/s900_dodge.abc";
19.05.2016 13:44:56 | alembicExport    - exportAlembic          | ERROR    | arichter     | FAIL: Couldnt export - AbcExport -j "-frameRange 1 10 -attr name -writeVisibility -dataFormat hdf -root b -root u -root l -root l -file //bigfoot/revierkampf/40_shots/s000_ALEMBIC/40_ANIM/WORK/s900_dodge.abc";
AbcExport -j "-frameRange 1 10 -attr name -writeVisibility -dataFormat hdf -root b -root u -root l -root l -file //bigfoot/revierkampf/40_shots/s000_ALEMBIC/40_ANIM/WORK/s900_dodge.abc";
19.05.2016 13:44:56 | alembicExport    - exportAlembic          | ERROR    | arichter     | FAIL: Couldnt export - AbcExport -j "-frameRange 1 10 -attr name -writeVisibility -dataFormat hdf -root h -root o -root r -root s -root e -file //bigfoot/revierkampf/40_shots/s000_ALEMBIC/40_ANIM/WORK/s900_dodge.abc";
AbcExport -j "-frameRange 1 10 -attr name -writeVisibility -dataFormat hdf -root h -root o -root r -root s -root e -file //bigfoot/revierkampf/40_shots/s000_ALEMBIC/40_ANIM/WORK/s900_dodge.abc";
19.05.2016 13:45:31 | alembicExport    - start                  | INFO     | arichter     | START
19.05.2016 13:45:44 | alembicExport    - start                  | INFO     | arichter     | START
19.05.2016 13:46:23 | alembicExport    - start                  | INFO     | arichter     | START
19.05.2016 13:46:27 | alembicExport    - exportAlembic          | ERROR    | arichter     | FAIL: Couldnt export - AbcExport -j "-frameRange 1 10 -attr name -writeVisibility -dataFormat hdf -root C -root A -root M -file //bigfoot/revierkampf/40_shots/s000_ALEMBIC/40_ANIM/WORK/s900_dodge.abc";
AbcExport -j "-frameRange 1 10 -attr name -writeVisibility -dataFormat hdf -root C -root A -root M -file //bigfoot/revierkampf/40_shots/s000_ALEMBIC/40_ANIM/WORK/s900_dodge.abc";
19.05.2016 13:46:27 | alembicExport    - exportAlembic          | ERROR    | arichter     | FAIL: Couldnt export - AbcExport -j "-frameRange 1 10 -attr name -writeVisibility -dataFormat hdf -root b -root u -root l -root l -file //bigfoot/revierkampf/40_shots/s000_ALEMBIC/40_ANIM/WORK/s900_dodge.abc";
AbcExport -j "-frameRange 1 10 -attr name -writeVisibility -dataFormat hdf -root b -root u -root l -root l -file //bigfoot/revierkampf/40_shots/s000_ALEMBIC/40_ANIM/WORK/s900_dodge.abc";
19.05.2016 13:46:27 | alembicExport    - exportAlembic          | ERROR    | arichter     | FAIL: Couldnt export - AbcExport -j "-frameRange 1 10 -attr name -writeVisibility -dataFormat hdf -root h -root o -root r -root s -root e -file //bigfoot/revierkampf/40_shots/s000_ALEMBIC/40_ANIM/WORK/s900_dodge.abc";
AbcExport -j "-frameRange 1 10 -attr name -writeVisibility -dataFormat hdf -root h -root o -root r -root s -root e -file //bigfoot/revierkampf/40_shots/s000_ALEMBIC/40_ANIM/WORK/s900_dodge.abc";
19.05.2016 13:47:54 | alembicExport    - start                  | INFO     | arichter     | START
19.05.2016 13:48:11 | alembicExport    - start                  | INFO     | arichter     | START
19.05.2016 13:48:30 | alembicExport    - start                  | INFO     | arichter     | START
19.05.2016 13:48:55 | alembicExport    - start                  | INFO     | arichter     | START
19.05.2016 13:48:57 | alembicExport    - exportAlembic          | ERROR    | arichter     | FAIL: Couldnt export - AbcExport -j "-frameRange 1 10 -attr name -writeVisibility -dataFormat hdf -root C -root A -root M -file //bigfoot/revierkampf/40_shots/s000_ALEMBIC/40_ANIM/WORK/s900_dodge.abc";
AbcExport -j "-frameRange 1 10 -attr name -writeVisibility -dataFormat hdf -root C -root A -root M -file //bigfoot/revierkampf/40_shots/s000_ALEMBIC/40_ANIM/WORK/s900_dodge.abc";
19.05.2016 13:48:57 | alembicExport    - exportAlembic          | ERROR    | arichter     | FAIL: Couldnt export - AbcExport -j "-frameRange 1 10 -attr name -writeVisibility -dataFormat hdf -root b -root u -root l -root l -file //bigfoot/revierkampf/40_shots/s000_ALEMBIC/40_ANIM/WORK/s900_dodge.abc";
AbcExport -j "-frameRange 1 10 -attr name -writeVisibility -dataFormat hdf -root b -root u -root l -root l -file //bigfoot/revierkampf/40_shots/s000_ALEMBIC/40_ANIM/WORK/s900_dodge.abc";
19.05.2016 13:48:57 | alembicExport    - exportAlembic          | ERROR    | arichter     | FAIL: Couldnt export - AbcExport -j "-frameRange 1 10 -attr name -writeVisibility -dataFormat hdf -root h -root o -root r -root s -root e -file //bigfoot/revierkampf/40_shots/s000_ALEMBIC/40_ANIM/WORK/s900_dodge.abc";
AbcExport -j "-frameRange 1 10 -attr name -writeVisibility -dataFormat hdf -root h -root o -root r -root s -root e -file //bigfoot/revierkampf/40_shots/s000_ALEMBIC/40_ANIM/WORK/s900_dodge.abc";
19.05.2016 13:49:31 | alembicExport    - start                  | INFO     | arichter     | START
19.05.2016 13:49:31 | alembicExport    - exportAlembic          | ERROR    | arichter     | FAIL: Couldnt export - AbcExport -j "-frameRange 1 10 -attr name -writeVisibility -dataFormat hdf -root C -root A -root M -file //bigfoot/revierkampf/40_shots/s000_ALEMBIC/40_ANIM/WORK/s900_dodge.abc";
AbcExport -j "-frameRange 1 10 -attr name -writeVisibility -dataFormat hdf -root C -root A -root M -file //bigfoot/revierkampf/40_shots/s000_ALEMBIC/40_ANIM/WORK/s900_dodge.abc";
19.05.2016 13:49:31 | alembicExport    - exportAlembic          | ERROR    | arichter     | FAIL: Couldnt export - AbcExport -j "-frameRange 1 10 -attr name -writeVisibility -dataFormat hdf -root b -root u -root l -root l -file //bigfoot/revierkampf/40_shots/s000_ALEMBIC/40_ANIM/WORK/s900_dodge.abc";
AbcExport -j "-frameRange 1 10 -attr name -writeVisibility -dataFormat hdf -root b -root u -root l -root l -file //bigfoot/revierkampf/40_shots/s000_ALEMBIC/40_ANIM/WORK/s900_dodge.abc";
19.05.2016 13:49:31 | alembicExport    - exportAlembic          | ERROR    | arichter     | FAIL: Couldnt export - AbcExport -j "-frameRange 1 10 -attr name -writeVisibility -dataFormat hdf -root h -root o -root r -root s -root e -file //bigfoot/revierkampf/40_shots/s000_ALEMBIC/40_ANIM/WORK/s900_dodge.abc";
AbcExport -j "-frameRange 1 10 -attr name -writeVisibility -dataFormat hdf -root h -root o -root r -root s -root e -file //bigfoot/revierkampf/40_shots/s000_ALEMBIC/40_ANIM/WORK/s900_dodge.abc";
19.05.2016 13:50:52 | alembicExport    - start                  | INFO     | arichter     | START
19.05.2016 13:50:53 | alembicExport    - exportAlembic          | INFO     | arichter     | END : AbcExport -j "-frameRange 1 10 -writeVisibility -dataFormat hdf -root CAM -file //bigfoot/revierkampf/40_shots/s000_ALEMBIC/40_ANIM/WORK/s900_dodge_cam.abc";
19.05.2016 13:50:53 | alembicExport    - exportAlembic          | INFO     | arichter     | END : AbcExport -j "-frameRange 1 10 -writeVisibility -dataFormat hdf -root Movetest13:OX:Top -file //bigfoot/revierkampf/40_shots/s000_ALEMBIC/40_ANIM/WORK/s900_dodge_bull.abc";
19.05.2016 13:53:48 | alembicExport    - start                  | INFO     | arichter     | START
19.05.2016 13:53:50 | alembicExport    - exportAlembic          | INFO     | arichter     | END : AbcExport -j "-frameRange 1 10 -writeVisibility -dataFormat hdf -root CAM -file //bigfoot/revierkampf/40_shots/s000_ALEMBIC/40_ANIM/WORK/s900_dodge_cam.abc";
19.05.2016 13:53:50 | alembicExport    - exportAlembic          | INFO     | arichter     | END : AbcExport -j "-frameRange 1 10 -writeVisibility -dataFormat hdf -root Movetest13:OX:Top -file //bigfoot/revierkampf/40_shots/s000_ALEMBIC/40_ANIM/WORK/s900_dodge_bull.abc";
20.05.2016 11:28:34 | alembicExport    - start                  | INFO     | mkuelkoeylue | START
20.05.2016 11:28:36 | alembicExport    - start                  | INFO     | mkuelkoeylue | START
20.05.2016 14:02:20 | alembicExport    - start                  | INFO     | arichter     | START
20.05.2016 14:02:56 | alembicExport    - start                  | INFO     | arichter     | START
20.05.2016 14:03:05 | alembicExport    - exportAlembic          | INFO     | arichter     | END : AbcExport -j "-frameRange 187 190 -writeVisibility -dataFormat hdf -root CAM -file //bigfoot/revierkampf/40_shots/s000_ALEMBIC/40_ANIM/WORK/s900_dodge_cam.abc";
20.05.2016 14:03:06 | alembicExport    - exportAlembic          | INFO     | arichter     | END : AbcExport -j "-frameRange 187 190 -writeVisibility -dataFormat hdf -root Movetest13:OX:Top -file //bigfoot/revierkampf/40_shots/s000_ALEMBIC/40_ANIM/WORK/s900_dodge_bull.abc";
20.05.2016 14:03:08 | alembicExport    - exportAlembic          | INFO     | arichter     | END : AbcExport -j "-frameRange 187 190 -writeVisibility -dataFormat hdf -root Movetest13:horse_rig_v0_2_4_beta:horse_controls -root Movetest13:horse_rig_v0_2_4_beta:horse_DO_NOT_TOUCH -file //bigfoot/revierkampf/40_shots/s000_ALEMBIC/40_ANIM/WORK/s900_dodge_horse.abc";
20.05.2016 14:05:12 | alembicExport    - start                  | INFO     | arichter     | START
20.05.2016 17:50:57 | alembicExport    - start                  | INFO     | arichter     | START
20.05.2016 17:53:50 | alembicExport    - start                  | INFO     | arichter     | START
23.05.2016 16:21:48 | alembicExport    - start                  | INFO     | arichter     | START
24.05.2016 11:43:52 | alembicExport    - start                  | INFO     | arichter     | START
24.05.2016 11:44:11 | alembicExport    - exportAlembic          | INFO     | arichter     | END : AbcExport -j "-frameRange 1 200 -writeVisibility -dataFormat hdf -root pSphere1 -file //bigfoot/revierkampf/40_shots/s000_ALEMBIC/40_ANIM/WORK/_pSphere1.abc";
24.05.2016 17:25:50 | alembicExport    - start                  | INFO     | jtegethoff   | START
30.06.2016 20:17:44 | alembicExport    - exportAlembic          | INFO     | arichter     | END : AbcExport -j "-frameRange 1 200 -writeVisibility -dataFormat hdf -root car_MODEL1 -file //bigfoot/revierkampf/40_shots/s000_ALEMBIC/40_ANIM/WORK/s100_newScene_car_MODEL1.abc";
30.06.2016 20:17:45 | alembicExport    - exportAlembic          | INFO     | arichter     | END : AbcExport -j "-frameRange 1 200 -writeVisibility -dataFormat hdf -root car -file //bigfoot/revierkampf/40_shots/s000_ALEMBIC/40_ANIM/WORK/s100_newScene_car.abc";
30.06.2016 20:17:46 | alembicExport    - exportAlembic          | INFO     | arichter     | END : AbcExport -j "-frameRange 1 200 -writeVisibility -dataFormat hdf -root car_MODEL2 -file //bigfoot/revierkampf/40_shots/s000_ALEMBIC/40_ANIM/WORK/s100_newScene_car_MODEL2.abc";
30.06.2016 20:17:47 | alembicExport    - exportAlembic          | INFO     | arichter     | END : AbcExport -j "-frameRange 1 200 -writeVisibility -dataFormat hdf -root car_MODEL3 -file //bigfoot/revierkampf/40_shots/s000_ALEMBIC/40_ANIM/WORK/s100_newScene_car_MODEL3.abc";
30.06.2016 20:17:48 | alembicExport    - exportAlembic          | INFO     | arichter     | END : AbcExport -j "-frameRange 1 200 -writeVisibility -dataFormat hdf -root areaLight1 -file //bigfoot/revierkampf/40_shots/s000_ALEMBIC/40_ANIM/WORK/s100_newScene_areaLight1.abc";
30.06.2016 20:30:57 | alembicExport    - exportAlembic          | INFO     | arichter     | END : AbcExport -j "-frameRange 2 5 -dataFormat hdf -root horse_MODEL_horse_hi_cn_body1 -file //bigfoot/revierkampf/40_shots/s000_ALEMBIC/40_ANIM/WORK/_horse_MODEL_horse_hi_cn_body1.abc";
02.07.2016 01:12:36 | alembicExport    - exportAlembic          | INFO     | arichter     | END : AbcExport -j "-frameRange 1001 1600 -attr name -writeVisibility -dataFormat hdf -root pPlane1 -root horse_RIG:horse -file //bigfoot/revierkampf/40_shots/s000_ALEMBIC/40_ANIM/WORK/s000_walkmk.abc";
02.07.2016 01:25:31 | alembicExport    - exportAlembic          | INFO     | arichter     | END : AbcExport -j "-frameRange 1 1 -attr name -writeVisibility -dataFormat hdf -root horse_RIG_horse -root pPlane1 -root bull_RIG_bull -file //bigfoot/revierkampf/40_shots/s000_ALEMBIC/40_ANIM/WORK/.abc";
03.07.2016 09:30:33 | alembicExport    - exportAlembic          | INFO     | arichter     | END : AbcExport -j "-frameRange 1 90 -attr name -writeVisibility -dataFormat hdf -root bull_RIG:bull -root horse_RIG:horse -file //bigfoot/revierkampf/40_shots/s000_ALEMBIC/40_ANIM/WORK/s900_dodge.abc";
07.07.2016 01:17:07 | alembicExport    - exportAlembic          | INFO     | arichter     | END : AbcExport -j "-frameRange 1 90 -writeVisibility -dataFormat hdf -root bull_RIG:bull_geo_grp -file //bigfoot/revierkampf/40_shots/s000_ALEMBIC/40_ANIM/WORK/s900_dodge_bull_RIG:bull_geo_grp.abc";
07.07.2016 01:17:32 | alembicExport    - exportAlembic          | INFO     | arichter     | END : AbcExport -j "-frameRange 1 90 -writeVisibility -dataFormat hdf -root horse_RIG:horse_DO_NOT_TOUCH -file //bigfoot/revierkampf/40_shots/s000_ALEMBIC/40_ANIM/WORK/s900_dodge_horse_RIG:horse_DO_NOT_TOUCH.abc";
07.07.2016 01:18:39 | alembicExport    - exportAlembic          | INFO     | arichter     | END : AbcExport -j "-frameRange 1 90 -attr name -writeVisibility -dataFormat hdf -root horse_RIG:horse_DO_NOT_TOUCH -root bull_RIG:bull_geo_grp -file //bigfoot/revierkampf/40_shots/s000_ALEMBIC/40_ANIM/WORK/s900_dodge.abc";
