18.11.2015 18:16:46 | menu             - <module>               | INFO     | arichter     | START
18.11.2015 18:19:29 | menu             - <module>               | INFO     | arichter     | START
18.11.2015 18:30:07 | menu             - <module>               | INFO     | arichter     | START
19.11.2015 10:26:31 | menu             - <module>               | INFO     | arichter     | START
19.11.2015 10:30:24 | menu             - <module>               | INFO     | arichter     | START
19.11.2015 10:52:36 | menu             - <module>               | INFO     | arichter     | START
19.11.2015 11:29:54 | menu             - <module>               | INFO     | arichter     | START
19.11.2015 11:32:32 | menu             - <module>               | INFO     | arichter     | START
19.11.2015 11:38:41 | menu             - <module>               | INFO     | arichter     | START
19.11.2015 12:00:59 | menu             - <module>               | INFO     | arichter     | START
19.11.2015 12:05:17 | menu             - <module>               | INFO     | arichter     | START
19.11.2015 12:12:09 | menu             - <module>               | INFO     | arichter     | START
19.11.2015 12:21:27 | menu             - <module>               | INFO     | arichter     | START
19.11.2015 14:03:48 | menu             - <module>               | INFO     | arichter     | START
19.11.2015 14:05:21 | menu             - <module>               | INFO     | arichter     | START
19.11.2015 14:42:53 | menu             - <module>               | INFO     | arichter     | START
19.11.2015 14:48:25 | menu             - <module>               | INFO     | arichter     | START
19.11.2015 16:18:05 | menu             - <module>               | INFO     | arichter     | START
19.11.2015 20:20:23 | menu             - <module>               | INFO     | arichter     | START
20.11.2015 10:15:00 | menu             - <module>               | INFO     | arichter     | START
20.11.2015 11:12:38 | menu             - <module>               | INFO     | arichter     | START
20.11.2015 11:30:33 | menu             - <module>               | INFO     | arichter     | START
20.11.2015 11:43:30 | menu             - <module>               | INFO     | arichter     | START
20.11.2015 11:46:45 | menu             - <module>               | INFO     | arichter     | START
20.11.2015 11:53:32 | menu             - <module>               | INFO     | arichter     | START
20.11.2015 12:00:28 | menu             - <module>               | INFO     | arichter     | START
20.11.2015 12:01:47 | menu             - <module>               | INFO     | arichter     | START
20.11.2015 12:08:38 | menu             - <module>               | INFO     | arichter     | START
20.11.2015 12:11:07 | menu             - <module>               | INFO     | arichter     | START
20.11.2015 12:12:36 | menu             - <module>               | INFO     | arichter     | START
20.11.2015 12:14:18 | menu             - <module>               | INFO     | arichter     | START
20.11.2015 12:17:26 | menu             - <module>               | INFO     | arichter     | START
20.11.2015 12:21:02 | menu             - <module>               | INFO     | arichter     | START
20.11.2015 12:23:40 | menu             - <module>               | INFO     | arichter     | START
20.11.2015 13:46:07 | menu             - <module>               | INFO     | arichter     | START
23.11.2015 11:50:10 | menu             - <module>               | INFO     | arichter     | START
24.11.2015 10:35:46 | menu             - <module>               | INFO     | arichter     | START
24.11.2015 10:46:39 | menu             - <module>               | INFO     | arichter     | START
24.11.2015 10:51:52 | menu             - <module>               | INFO     | arichter     | START
24.11.2015 11:04:35 | menu             - <module>               | INFO     | arichter     | START
25.11.2015 09:32:37 | menu             - <module>               | INFO     | arichter     | START
25.11.2015 09:55:37 | menu             - <module>               | INFO     | arichter     | START
25.11.2015 10:10:15 | menu             - <module>               | INFO     | arichter     | START
25.11.2015 10:50:43 | menu             - <module>               | INFO     | arichter     | START
25.11.2015 11:01:53 | menu             - <module>               | INFO     | arichter     | START
25.11.2015 11:12:06 | menu             - <module>               | INFO     | arichter     | START
25.11.2015 14:40:40 | menu             - <module>               | INFO     | arichter     | START
27.11.2015 09:06:40 | menu             - <module>               | INFO     | arichter     | START
27.11.2015 14:39:46 | menu             - <module>               | INFO     | arichter     | START
29.11.2015 09:46:21 | menu             - <module>               | INFO     | arichter     | START
30.11.2015 14:43:56 | menu             - <module>               | INFO     | arichter     | START
30.11.2015 14:45:25 | menu             - <module>               | INFO     | arichter     | START
30.11.2015 17:01:41 | menu             - <module>               | INFO     | arichter     | START
30.11.2015 21:48:49 | menu             - <module>               | INFO     | arichter     | START
30.11.2015 22:00:04 | menu             - <module>               | INFO     | arichter     | START
30.11.2015 22:08:08 | menu             - <module>               | INFO     | arichter     | START
01.12.2015 13:42:20 | menu             - <module>               | INFO     | arichter     | START
02.12.2015 13:51:59 | menu             - <module>               | INFO     | arichter     | START
02.12.2015 13:55:22 | menu             - <module>               | INFO     | arichter     | START
02.12.2015 18:37:50 | menu             - <module>               | INFO     | arichter     | START
02.12.2015 18:40:12 | menu             - <module>               | INFO     | arichter     | START
02.12.2015 18:55:07 | menu             - <module>               | INFO     | arichter     | START
02.12.2015 18:56:42 | menu             - <module>               | INFO     | arichter     | START
02.12.2015 19:25:10 | menu             - <module>               | INFO     | arichter     | START
02.12.2015 19:27:08 | menu             - <module>               | INFO     | arichter     | START
08.12.2015 11:36:30 | menu             - <module>               | INFO     | arichter     | START
08.12.2015 12:08:19 | menu             - <module>               | INFO     | arichter     | START
08.12.2015 12:09:23 | menu             - <module>               | INFO     | arichter     | START
08.12.2015 12:12:01 | menu             - <module>               | INFO     | arichter     | START
08.12.2015 12:12:34 | menu             - <module>               | INFO     | arichter     | START
08.12.2015 12:14:45 | menu             - <module>               | INFO     | arichter     | START
08.12.2015 15:04:42 | menu             - <module>               | INFO     | arichter     | START
08.12.2015 15:09:02 | menu             - <module>               | INFO     | arichter     | START
08.12.2015 15:12:33 | menu             - <module>               | INFO     | arichter     | START
08.12.2015 15:15:07 | menu             - <module>               | INFO     | arichter     | START
08.12.2015 15:21:46 | menu             - <module>               | INFO     | arichter     | START
08.12.2015 15:26:00 | menu             - <module>               | INFO     | arichter     | START
08.12.2015 15:30:15 | menu             - <module>               | INFO     | arichter     | START
08.12.2015 15:45:06 | menu             - <module>               | INFO     | arichter     | START
08.12.2015 15:51:34 | menu             - <module>               | INFO     | arichter     | START
08.12.2015 16:13:44 | menu             - <module>               | INFO     | arichter     | START
08.12.2015 16:41:59 | menu             - <module>               | INFO     | arichter     | START
10.12.2015 14:24:34 | menu             - <module>               | INFO     | arichter     | START
10.12.2015 16:15:00 | menu             - <module>               | INFO     | arichter     | START
11.12.2015 15:27:59 | menu             - <module>               | INFO     | arichter     | START
11.12.2015 15:42:39 | menu             - <module>               | INFO     | arichter     | START
11.12.2015 19:09:09 | menu             - <module>               | INFO     | arichter     | START
12.12.2015 12:02:18 | menu             - <module>               | INFO     | arichter     | START
12.12.2015 12:23:23 | menu             - <module>               | INFO     | arichter     | START
12.12.2015 12:39:39 | menu             - <module>               | INFO     | arichter     | START
12.12.2015 12:43:24 | menu             - <module>               | INFO     | arichter     | START
12.12.2015 12:51:29 | menu             - <module>               | INFO     | arichter     | START
12.12.2015 17:40:15 | menu             - <module>               | INFO     | arichter     | START
12.12.2015 17:49:16 | menu             - <module>               | INFO     | arichter     | START
12.12.2015 18:39:05 | menu             - <module>               | INFO     | arichter     | START
13.12.2015 17:11:02 | menu             - <module>               | INFO     | arichter     | START
15.12.2015 15:31:54 | menu             - <module>               | INFO     | arichter     | START
15.12.2015 15:54:55 | menu             - <module>               | INFO     | arichter     | START
15.12.2015 19:54:40 | menu             - <module>               | INFO     | arichter     | START
15.12.2015 19:58:31 | menu             - <module>               | INFO     | arichter     | START
15.12.2015 20:04:44 | menu             - <module>               | INFO     | arichter     | START
16.12.2015 15:55:53 | menu             - <module>               | INFO     | arichter     | START
17.12.2015 14:25:37 | menu             - <module>               | INFO     | arichter     | START
17.12.2015 15:04:11 | menu             - <module>               | INFO     | arichter     | START
17.12.2015 15:12:06 | menu             - <module>               | INFO     | arichter     | START
18.12.2015 07:50:26 | menu             - <module>               | INFO     | arichter     | START
18.12.2015 10:03:02 | menu             - <module>               | INFO     | arichter     | START
18.12.2015 12:49:01 | menu             - <module>               | INFO     | arichter     | START
18.12.2015 13:41:59 | menu             - <module>               | INFO     | arichter     | START
18.12.2015 13:51:22 | menu             - <module>               | INFO     | arichter     | START
18.12.2015 13:53:27 | menu             - <module>               | INFO     | arichter     | START
18.12.2015 18:34:50 | menu             - <module>               | INFO     | arichter     | START
18.12.2015 18:39:11 | menu             - <module>               | INFO     | arichter     | START
19.12.2015 11:30:24 | menu             - <module>               | INFO     | arichter     | START
19.12.2015 11:51:54 | menu             - <module>               | INFO     | arichter     | START
19.12.2015 12:12:42 | menu             - <module>               | INFO     | arichter     | START
19.12.2015 15:14:08 | menu             - <module>               | INFO     | arichter     | START
21.12.2015 20:47:06 | menu             - <module>               | INFO     | arichter     | START
21.12.2015 21:08:49 | menu             - <module>               | INFO     | arichter     | START
21.12.2015 21:16:42 | menu             - <module>               | INFO     | arichter     | START
21.12.2015 21:40:57 | menu             - <module>               | INFO     | arichter     | START
21.12.2015 21:46:14 | menu             - <module>               | INFO     | arichter     | START
22.12.2015 00:03:47 | menu             - <module>               | INFO     | arichter     | START
22.12.2015 14:40:56 | menu             - <module>               | INFO     | arichter     | START
23.12.2015 10:52:49 | menu             - <module>               | INFO     | arichter     | START
23.12.2015 12:19:21 | menu             - <module>               | INFO     | arichter     | START
23.12.2015 12:30:44 | menu             - <module>               | INFO     | arichter     | START
28.12.2015 17:38:04 | menu             - <module>               | INFO     | arichter     | START
28.12.2015 17:50:04 | menu             - <module>               | INFO     | arichter     | START
28.12.2015 17:51:51 | menu             - <module>               | INFO     | arichter     | START
28.12.2015 17:53:57 | menu             - <module>               | INFO     | arichter     | START
28.12.2015 18:57:11 | menu             - <module>               | INFO     | arichter     | START
30.12.2015 16:33:22 | menu             - <module>               | INFO     | arichter     | START
06.01.2016 15:42:30 | menu             - <module>               | INFO     | arichter     | START
06.01.2016 15:51:15 | menu             - <module>               | INFO     | arichter     | START
06.01.2016 16:09:31 | menu             - <module>               | INFO     | arichter     | START
06.01.2016 16:21:43 | menu             - <module>               | INFO     | arichter     | START
07.01.2016 14:35:19 | menu             - <module>               | INFO     | arichter     | START
07.01.2016 15:05:18 | menu             - <module>               | INFO     | arichter     | START
08.01.2016 16:58:32 | menu             - <module>               | INFO     | arichter     | START
09.01.2016 01:10:25 | menu             - <module>               | INFO     | arichter     | START
09.01.2016 01:12:02 | menu             - <module>               | INFO     | arichter     | START
09.01.2016 01:26:49 | menu             - <module>               | INFO     | arichter     | START
09.01.2016 01:59:17 | menu             - <module>               | INFO     | arichter     | START
09.01.2016 02:51:16 | menu             - <module>               | INFO     | arichter     | START
09.01.2016 02:53:04 | menu             - <module>               | INFO     | arichter     | START
10.01.2016 03:32:46 | menu             - <module>               | INFO     | arichter     | START
10.01.2016 12:55:10 | menu             - <module>               | INFO     | arichter     | START
11.01.2016 11:59:09 | menu             - <module>               | INFO     | arichter     | START
11.01.2016 15:36:11 | menu             - <module>               | INFO     | arichter     | START
11.01.2016 16:40:20 | menu             - <module>               | INFO     | arichter     | START
11.01.2016 16:42:44 | menu             - <module>               | INFO     | arichter     | START
12.01.2016 03:44:36 | menu             - <module>               | INFO     | arichter     | START
12.01.2016 14:46:50 | menu             - <module>               | INFO     | arichter     | START
12.01.2016 15:02:33 | menu             - <module>               | INFO     | arichter     | START
12.01.2016 15:29:57 | menu             - <module>               | INFO     | arichter     | START
12.01.2016 17:35:59 | menu             - <module>               | INFO     | arichter     | START
12.01.2016 20:24:39 | menu             - <module>               | INFO     | arichter     | START
13.01.2016 11:02:06 | menu             - <module>               | INFO     | arichter     | START
13.01.2016 14:58:31 | menu             - <module>               | INFO     | arichter     | START
14.01.2016 00:47:28 | menu             - <module>               | INFO     | arichter     | START
14.01.2016 12:13:04 | menu             - <module>               | INFO     | arichter     | START
14.01.2016 17:49:07 | menu             - <module>               | INFO     | arichter     | START
14.01.2016 23:46:56 | menu             - <module>               | INFO     | arichter     | START
15.01.2016 14:20:28 | menu             - <module>               | INFO     | arichter     | START
15.01.2016 14:56:04 | menu             - <module>               | INFO     | arichter     | START
16.01.2016 11:12:52 | menu             - <module>               | INFO     | arichter     | START
16.01.2016 18:41:03 | menu             - <module>               | INFO     | arichter     | START
16.01.2016 18:48:17 | menu             - <module>               | INFO     | arichter     | START
16.01.2016 20:30:28 | menu             - <module>               | INFO     | arichter     | START
16.01.2016 23:20:25 | menu             - <module>               | INFO     | arichter     | START
17.01.2016 10:52:10 | menu             - <module>               | INFO     | arichter     | START
17.01.2016 12:58:39 | menu             - <module>               | INFO     | arichter     | START
17.01.2016 15:49:03 | menu             - <module>               | INFO     | arichter     | START
17.01.2016 16:00:08 | menu             - <module>               | INFO     | arichter     | START
17.01.2016 20:43:17 | menu             - <module>               | INFO     | arichter     | START
17.01.2016 22:13:20 | menu             - <module>               | INFO     | arichter     | START
17.01.2016 22:25:14 | menu             - <module>               | INFO     | arichter     | START
18.01.2016 00:11:14 | menu             - <module>               | INFO     | arichter     | START
18.01.2016 00:27:19 | menu             - <module>               | INFO     | arichter     | START
18.01.2016 01:16:34 | menu             - <module>               | INFO     | arichter     | START
18.01.2016 01:52:04 | menu             - <module>               | INFO     | arichter     | START
18.01.2016 13:03:59 | menu             - <module>               | INFO     | arichter     | START
18.01.2016 16:20:48 | menu             - <module>               | INFO     | arichter     | START
20.01.2016 15:11:07 | menu             - <module>               | INFO     | arichter     | START
20.01.2016 15:26:34 | menu             - <module>               | INFO     | arichter     | START
21.01.2016 14:40:16 | menu             - <module>               | INFO     | arichter     | START
21.01.2016 14:48:44 | menu             - <module>               | INFO     | arichter     | START
21.01.2016 14:51:42 | menu             - <module>               | INFO     | arichter     | START
21.01.2016 18:15:25 | menu             - <module>               | INFO     | arichter     | START
21.01.2016 18:34:07 | menu             - <module>               | INFO     | arichter     | START
22.01.2016 11:56:53 | menu             - <module>               | INFO     | arichter     | START
23.01.2016 21:30:03 | menu             - <module>               | INFO     | arichter     | START
24.01.2016 02:45:20 | menu             - <module>               | INFO     | arichter     | START
24.01.2016 02:46:42 | menu             - <module>               | INFO     | arichter     | START
24.01.2016 02:50:34 | menu             - <module>               | INFO     | arichter     | START
25.01.2016 12:04:42 | menu             - <module>               | INFO     | arichter     | START
25.01.2016 12:46:30 | menu             - <module>               | INFO     | arichter     | START
29.01.2016 10:36:42 | menu             - <module>               | INFO     | arichter     | START
29.01.2016 10:38:29 | menu             - <module>               | INFO     | arichter     | START
29.01.2016 10:41:03 | menu             - <module>               | INFO     | arichter     | START
29.01.2016 10:48:22 | menu             - <module>               | INFO     | arichter     | START
29.01.2016 10:48:25 | menu             - <module>               | INFO     | arichter     | START
29.01.2016 10:49:35 | menu             - <module>               | INFO     | arichter     | START
29.01.2016 10:52:36 | menu             - <module>               | INFO     | arichter     | START
29.01.2016 10:53:31 | menu             - <module>               | INFO     | arichter     | START
29.01.2016 11:35:29 | menu             - <module>               | INFO     | arichter     | START
29.01.2016 11:43:58 | menu             - <module>               | INFO     | arichter     | START
29.01.2016 11:48:10 | menu             - <module>               | INFO     | arichter     | START
29.01.2016 11:50:38 | menu             - <module>               | INFO     | arichter     | START
29.01.2016 11:54:49 | menu             - <module>               | INFO     | arichter     | START
29.01.2016 12:07:18 | menu             - <module>               | INFO     | arichter     | START
29.01.2016 12:48:47 | menu             - <module>               | INFO     | arichter     | START
29.01.2016 12:50:32 | menu             - <module>               | INFO     | arichter     | START
29.01.2016 12:56:19 | menu             - <module>               | INFO     | arichter     | START
29.01.2016 13:11:18 | menu             - <module>               | INFO     | arichter     | START
29.01.2016 13:44:35 | menu             - <module>               | INFO     | arichter     | START
29.01.2016 14:41:43 | menu             - <module>               | INFO     | arichter     | START
29.01.2016 14:47:46 | menu             - <module>               | INFO     | arichter     | START
29.01.2016 14:49:58 | menu             - <module>               | INFO     | arichter     | START
29.01.2016 14:51:51 | menu             - <module>               | INFO     | arichter     | START
29.01.2016 14:56:53 | menu             - <module>               | INFO     | arichter     | START
29.01.2016 15:05:10 | menu             - <module>               | INFO     | arichter     | START
29.01.2016 15:17:03 | menu             - <module>               | INFO     | arichter     | START
29.01.2016 15:28:15 | menu             - <module>               | INFO     | arichter     | START
29.01.2016 15:31:48 | menu             - <module>               | INFO     | arichter     | START
29.01.2016 15:33:12 | menu             - <module>               | INFO     | arichter     | START
29.01.2016 15:48:11 | menu             - <module>               | INFO     | arichter     | START
29.01.2016 18:43:01 | menu             - <module>               | INFO     | arichter     | START
02.02.2016 19:18:52 | menu             - <module>               | INFO     | arichter     | START
03.02.2016 00:08:25 | menu             - <module>               | INFO     | arichter     | START
03.02.2016 00:22:43 | menu             - <module>               | INFO     | arichter     | START
03.02.2016 12:51:57 | menu             - <module>               | INFO     | arichter     | START
03.02.2016 14:05:04 | menu             - <module>               | INFO     | arichter     | START
03.02.2016 16:40:22 | menu             - <module>               | INFO     | arichter     | START
04.02.2016 16:29:22 | menu             - <module>               | INFO     | arichter     | START
10.02.2016 16:26:40 | menu             - <module>               | INFO     | arichter     | START
10.02.2016 16:32:08 | menu             - <module>               | INFO     | arichter     | START
10.02.2016 18:17:58 | menu             - <module>               | INFO     | jtegethoff   | START
11.02.2016 16:40:00 | menu             - <module>               | INFO     | jtegethoff   | START
11.02.2016 17:03:40 | menu             - <module>               | INFO     | jtegethoff   | START
16.02.2016 18:03:52 | menu             - <module>               | INFO     | arichter     | START
17.02.2016 15:43:09 | menu             - <module>               | INFO     | arichter     | START
17.02.2016 17:27:24 | menu             - <module>               | INFO     | arichter     | START
18.02.2016 12:11:37 | menu             - <module>               | INFO     | arichter     | START
18.02.2016 15:27:19 | menu             - <module>               | INFO     | arichter     | START
18.02.2016 15:32:29 | menu             - <module>               | INFO     | arichter     | START
18.02.2016 15:38:30 | menu             - <module>               | INFO     | arichter     | START
18.02.2016 15:43:27 | menu             - <module>               | INFO     | arichter     | START
27.02.2016 12:16:10 | menu             - <module>               | INFO     | arichter     | START
27.02.2016 12:17:36 | menu             - <module>               | INFO     | arichter     | START
27.02.2016 19:36:27 | menu             - <module>               | INFO     | arichter     | START
27.02.2016 19:41:14 | menu             - <module>               | INFO     | arichter     | START
27.02.2016 19:42:50 | menu             - <module>               | INFO     | arichter     | START
08.03.2016 14:01:02 | menu             - <module>               | INFO     | jtegethoff   | START
10.03.2016 15:52:49 | menu             - <module>               | INFO     | jtegethoff   | START
10.03.2016 16:39:02 | menu             - <module>               | INFO     | jtegethoff   | START
10.03.2016 17:18:30 | menu             - <module>               | INFO     | jtegethoff   | START
10.03.2016 19:09:50 | menu             - <module>               | INFO     | jtegethoff   | START
10.03.2016 19:12:53 | menu             - <module>               | INFO     | jtegethoff   | START
10.03.2016 19:25:53 | menu             - <module>               | INFO     | jtegethoff   | START
10.03.2016 19:43:07 | menu             - <module>               | INFO     | jtegethoff   | START
10.03.2016 20:32:57 | menu             - <module>               | INFO     | arichter     | START
10.03.2016 21:45:54 | menu             - <module>               | INFO     | arichter     | START
10.03.2016 21:52:07 | menu             - <module>               | INFO     | arichter     | START
11.03.2016 12:02:58 | menu             - <module>               | INFO     | arichter     | START
11.03.2016 12:42:09 | menu             - <module>               | INFO     | arichter     | START
11.03.2016 14:09:23 | menu             - <module>               | INFO     | jtegethoff   | START
11.03.2016 17:10:09 | menu             - <module>               | INFO     | jtegethoff   | START
11.03.2016 17:28:49 | menu             - <module>               | INFO     | jtegethoff   | START
11.03.2016 18:55:42 | menu             - <module>               | INFO     | jtegethoff   | START
11.03.2016 19:01:19 | menu             - <module>               | INFO     | jtegethoff   | START
11.03.2016 19:25:09 | menu             - <module>               | INFO     | jtegethoff   | START
11.03.2016 19:47:54 | menu             - <module>               | INFO     | jtegethoff   | START
14.03.2016 13:20:54 | menu             - <module>               | INFO     | arichter     | START
14.03.2016 14:50:35 | menu             - <module>               | INFO     | arichter     | START
14.03.2016 14:51:57 | menu             - <module>               | INFO     | arichter     | START
14.03.2016 14:59:03 | menu             - <module>               | INFO     | arichter     | START
14.03.2016 15:00:02 | menu             - <module>               | INFO     | arichter     | START
15.03.2016 13:54:10 | menu             - <module>               | INFO     | jtegethoff   | START
16.03.2016 15:25:49 | menu             - <module>               | INFO     | jtegethoff   | START
31.03.2016 12:24:38 | menu             - <module>               | INFO     | jtegethoff   | START
31.03.2016 12:25:28 | menu             - <module>               | INFO     | jtegethoff   | START
04.04.2016 18:07:09 | menu             - <module>               | INFO     | joberbeck    | START
04.04.2016 18:07:39 | menu             - <module>               | INFO     | joberbeck    | START
04.04.2016 18:08:03 | menu             - <module>               | INFO     | joberbeck    | START
04.04.2016 18:09:09 | menu             - <module>               | INFO     | joberbeck    | START
04.04.2016 18:10:06 | menu             - <module>               | INFO     | joberbeck    | START
04.04.2016 18:28:43 | menu             - <module>               | INFO     | jtegethoff   | START
05.04.2016 09:09:01 | menu             - <module>               | INFO     | arichter     | START
05.04.2016 09:16:28 | menu             - <module>               | INFO     | joberbeck    | START
05.04.2016 11:05:39 | menu             - <module>               | INFO     | arichter     | START
05.04.2016 11:06:40 | menu             - <module>               | INFO     | arichter     | START
05.04.2016 11:43:01 | menu             - <module>               | INFO     | arichter     | START
05.04.2016 11:45:23 | menu             - <module>               | INFO     | arichter     | START
05.04.2016 11:50:14 | menu             - <module>               | INFO     | arichter     | START
05.04.2016 11:56:49 | menu             - <module>               | INFO     | arichter     | START
05.04.2016 11:58:58 | menu             - <module>               | INFO     | arichter     | START
05.04.2016 12:10:12 | menu             - <module>               | INFO     | arichter     | START
05.04.2016 14:41:49 | menu             - <module>               | INFO     | jtegethoff   | START
05.04.2016 14:55:38 | menu             - <module>               | INFO     | jtegethoff   | START
05.04.2016 15:00:56 | menu             - <module>               | INFO     | jtegethoff   | START
05.04.2016 15:02:07 | menu             - <module>               | INFO     | arichter     | START
05.04.2016 15:02:38 | menu             - <module>               | INFO     | jtegethoff   | START
05.04.2016 15:03:40 | menu             - <module>               | INFO     | jtegethoff   | START
05.04.2016 15:05:52 | menu             - <module>               | INFO     | arichter     | START
05.04.2016 16:19:44 | menu             - <module>               | INFO     | arichter     | START
05.04.2016 16:45:16 | menu             - <module>               | INFO     | arichter     | START
05.04.2016 16:55:12 | menu             - <module>               | INFO     | arichter     | START
05.04.2016 16:59:21 | menu             - <module>               | INFO     | arichter     | START
05.04.2016 17:00:14 | menu             - <module>               | INFO     | arichter     | START
05.04.2016 17:24:16 | menu             - <module>               | INFO     | jtegethoff   | START
06.04.2016 09:17:25 | menu             - <module>               | INFO     | arichter     | START
06.04.2016 09:43:42 | menu             - <module>               | INFO     | arichter     | START
06.04.2016 14:25:41 | menu             - <module>               | INFO     | nmaderthoner | START
06.04.2016 15:12:35 | menu             - <module>               | INFO     | arichter     | START
07.04.2016 13:59:03 | menu             - <module>               | INFO     | jtegethoff   | START
07.04.2016 19:31:42 | menu             - <module>               | INFO     | jtegethoff   | START
08.04.2016 11:25:36 | menu             - <module>               | INFO     | arichter     | START
12.04.2016 15:31:26 | menu             - <module>               | INFO     | jtegethoff   | START
12.04.2016 15:53:50 | menu             - <module>               | INFO     | jtegethoff   | START
13.04.2016 14:04:31 | menu             - <module>               | INFO     | jtegethoff   | START
13.04.2016 14:49:04 | menu             - <module>               | INFO     | jtegethoff   | START
13.04.2016 18:31:06 | menu             - <module>               | INFO     | jtegethoff   | START
13.04.2016 18:52:33 | menu             - <module>               | INFO     | jtegethoff   | START
18.04.2016 12:28:51 | menu             - <module>               | INFO     | jtegethoff   | START
18.04.2016 12:29:10 | menu             - <module>               | INFO     | joberbeck    | START
18.04.2016 14:46:37 | menu             - <module>               | INFO     | joberbeck    | START
19.04.2016 12:09:27 | menu             - <module>               | INFO     | arichter     | START
19.04.2016 15:45:35 | menu             - <module>               | INFO     | jtegethoff   | START
21.04.2016 15:17:00 | menu             - <module>               | INFO     | jtegethoff   | START
21.04.2016 16:56:43 | menu             - <module>               | INFO     | nmaderthoner | START
22.04.2016 11:32:34 | menu             - <module>               | INFO     | arichter     | START
22.04.2016 13:29:38 | menu             - <module>               | INFO     | jtegethoff   | START
03.05.2016 14:14:20 | menu             - <module>               | INFO     | joberbeck    | START
04.05.2016 15:27:30 | menu             - <module>               | INFO     | arichter     | START
04.05.2016 16:30:14 | menu             - <module>               | INFO     | arichter     | START
04.05.2016 17:05:45 | menu             - <module>               | INFO     | arichter     | START
04.05.2016 17:08:24 | menu             - <module>               | INFO     | arichter     | START
04.05.2016 17:20:00 | menu             - <module>               | INFO     | arichter     | START
04.05.2016 17:35:55 | menu             - <module>               | INFO     | arichter     | START
04.05.2016 18:38:03 | menu             - <module>               | INFO     | nmaderthoner | START
09.05.2016 16:03:04 | menu             - <module>               | INFO     | joberbeck    | START
09.05.2016 16:24:19 | menu             - <module>               | INFO     | mkuelkoeylue | START
09.05.2016 16:57:19 | menu             - <module>               | INFO     | jtegethoff   | START
10.05.2016 15:11:51 | menu             - <module>               | INFO     | arichter     | START
10.05.2016 16:32:08 | menu             - <module>               | INFO     | arichter     | START
10.05.2016 16:36:33 | menu             - <module>               | INFO     | arichter     | START
10.05.2016 16:39:26 | menu             - <module>               | INFO     | arichter     | START
10.05.2016 16:41:24 | menu             - <module>               | INFO     | arichter     | START
10.05.2016 16:46:06 | menu             - <module>               | INFO     | arichter     | START
10.05.2016 16:46:52 | menu             - <module>               | INFO     | arichter     | START
11.05.2016 13:32:58 | menu             - <module>               | INFO     | jtegethoff   | START
11.05.2016 14:12:48 | menu             - <module>               | INFO     | jtegethoff   | START
11.05.2016 15:25:57 | menu             - <module>               | INFO     | arichter     | START
12.05.2016 13:09:44 | menu             - <module>               | INFO     | joberbeck    | START
12.05.2016 13:30:55 | menu             - <module>               | INFO     | mkuelkoeylue | START
12.05.2016 13:55:29 | menu             - <module>               | INFO     | jtegethoff   | START
12.05.2016 15:12:09 | menu             - <module>               | INFO     | jtegethoff   | START
12.05.2016 16:55:33 | menu             - <module>               | INFO     | joberbeck    | START
13.05.2016 10:59:31 | menu             - <module>               | INFO     | arichter     | START
13.05.2016 11:40:15 | menu             - <module>               | INFO     | arichter     | START
13.05.2016 11:43:49 | menu             - <module>               | INFO     | arichter     | START
13.05.2016 11:44:35 | menu             - <module>               | INFO     | arichter     | START
13.05.2016 11:53:34 | menu             - <module>               | INFO     | mkuelkoeylue | START
13.05.2016 15:58:37 | menu             - <module>               | INFO     | arichter     | START
13.05.2016 16:05:24 | menu             - <module>               | INFO     | arichter     | START
14.05.2016 12:24:30 | menu             - <module>               | INFO     | arichter     | START
14.05.2016 12:28:27 | menu             - <module>               | INFO     | arichter     | START
14.05.2016 14:31:56 | menu             - <module>               | INFO     | mkuelkoeylue | START
16.05.2016 10:59:35 | menu             - <module>               | INFO     | mkuelkoeylue | START
17.05.2016 12:03:35 | menu             - <module>               | INFO     | mkuelkoeylue | START
17.05.2016 12:12:36 | menu             - <module>               | INFO     | joberbeck    | START
17.05.2016 15:38:38 | menu             - <module>               | INFO     | arichter     | START
17.05.2016 15:43:35 | menu             - <module>               | INFO     | jtegethoff   | START
17.05.2016 16:40:14 | menu             - <module>               | INFO     | jtegethoff   | START
17.05.2016 16:42:19 | menu             - <module>               | INFO     | joberbeck    | START
17.05.2016 16:47:08 | menu             - <module>               | INFO     | jtegethoff   | START
17.05.2016 18:09:13 | menu             - <module>               | INFO     | arichter     | START
17.05.2016 19:03:57 | menu             - <module>               | INFO     | arichter     | START
17.05.2016 19:05:19 | menu             - <module>               | INFO     | joberbeck    | START
17.05.2016 19:13:03 | menu             - <module>               | INFO     | arichter     | START
19.05.2016 12:56:58 | menu             - <module>               | INFO     | arichter     | START
19.05.2016 13:51:47 | menu             - <module>               | INFO     | arichter     | START
19.05.2016 13:55:34 | menu             - <module>               | INFO     | arichter     | START
19.05.2016 14:04:23 | menu             - <module>               | INFO     | mkuelkoeylue | START
19.05.2016 14:08:42 | menu             - <module>               | INFO     | arichter     | START
20.05.2016 11:12:26 | menu             - <module>               | INFO     | joberbeck    | START
20.05.2016 11:27:42 | menu             - <module>               | INFO     | mkuelkoeylue | START
20.05.2016 11:37:57 | menu             - <module>               | INFO     | joberbeck    | START
20.05.2016 13:33:19 | menu             - <module>               | INFO     | arichter     | START
20.05.2016 13:36:51 | menu             - <module>               | INFO     | arichter     | START
20.05.2016 13:48:05 | menu             - <module>               | INFO     | arichter     | START
20.05.2016 13:52:56 | menu             - <module>               | INFO     | arichter     | START
20.05.2016 13:55:49 | menu             - <module>               | INFO     | arichter     | START
20.05.2016 13:57:56 | menu             - <module>               | INFO     | arichter     | START
20.05.2016 15:53:13 | menu             - <module>               | INFO     | mkuelkoeylue | START
20.05.2016 16:48:45 | menu             - <module>               | INFO     | arichter     | START
20.05.2016 17:02:22 | menu             - <module>               | INFO     | arichter     | START
20.05.2016 17:06:46 | menu             - <module>               | INFO     | mkuelkoeylue | START
20.05.2016 17:11:35 | menu             - <module>               | INFO     | mkuelkoeylue | START
20.05.2016 17:13:15 | menu             - <module>               | INFO     | mkuelkoeylue | START
20.05.2016 17:14:23 | menu             - <module>               | INFO     | mkuelkoeylue | START
20.05.2016 17:17:40 | menu             - <module>               | INFO     | mkuelkoeylue | START
20.05.2016 17:27:41 | menu             - <module>               | INFO     | arichter     | START
20.05.2016 17:35:17 | menu             - <module>               | INFO     | arichter     | START
20.05.2016 17:36:44 | menu             - <module>               | INFO     | arichter     | START
20.05.2016 17:41:08 | menu             - <module>               | INFO     | arichter     | START
20.05.2016 17:42:37 | menu             - <module>               | INFO     | mkuelkoeylue | START
20.05.2016 17:50:36 | menu             - <module>               | INFO     | arichter     | START
20.05.2016 17:53:29 | menu             - <module>               | INFO     | arichter     | START
20.05.2016 18:03:49 | menu             - <module>               | INFO     | mkuelkoeylue | START
21.05.2016 15:42:48 | menu             - <module>               | INFO     | mkuelkoeylue | START
22.05.2016 12:24:28 | menu             - <module>               | INFO     | joberbeck    | START
23.05.2016 09:56:17 | menu             - <module>               | INFO     | mkuelkoeylue | START
23.05.2016 11:10:29 | menu             - <module>               | INFO     | joberbeck    | START
23.05.2016 11:23:40 | menu             - <module>               | INFO     | joberbeck    | START
23.05.2016 13:37:31 | menu             - <module>               | INFO     | arichter     | START
23.05.2016 13:50:56 | menu             - <module>               | INFO     | arichter     | START
23.05.2016 14:53:53 | menu             - <module>               | INFO     | joberbeck    | START
23.05.2016 16:28:44 | menu             - <module>               | INFO     | Mlange       | START
23.05.2016 16:36:10 | menu             - <module>               | INFO     | arichter     | START
23.05.2016 16:58:25 | menu             - <module>               | INFO     | joberbeck    | START
23.05.2016 17:09:13 | menu             - <module>               | INFO     | joberbeck    | START
23.05.2016 17:33:00 | menu             - <module>               | INFO     | arichter     | START
23.05.2016 17:39:21 | menu             - <module>               | INFO     | arichter     | START
23.05.2016 17:48:52 | menu             - <module>               | INFO     | arichter     | START
23.05.2016 17:52:25 | menu             - <module>               | INFO     | arichter     | START
23.05.2016 18:25:27 | menu             - <module>               | INFO     | Mlange       | START
24.05.2016 13:22:27 | menu             - <module>               | INFO     | mkuelkoeylue | START
24.05.2016 16:11:50 | menu             - <module>               | INFO     | jtegethoff   | START
24.05.2016 16:25:54 | menu             - <module>               | INFO     | arichter     | START
24.05.2016 16:41:32 | menu             - <module>               | INFO     | arichter     | START
24.05.2016 16:42:52 | menu             - <module>               | INFO     | mkuelkoeylue | START
24.05.2016 17:21:38 | menu             - <module>               | INFO     | jtegethoff   | START
24.05.2016 17:49:32 | menu             - <module>               | INFO     | mlange       | START
25.05.2016 00:02:23 | menu             - <module>               | INFO     | joberbeck    | START
25.05.2016 10:16:30 | menu             - <module>               | INFO     | mlange       | START
25.05.2016 11:13:21 | menu             - <module>               | INFO     | mkuelkoeylue | START
26.05.2016 14:41:25 | menu             - <module>               | INFO     | mkuelkoeylue | START
27.05.2016 14:22:14 | menu             - <module>               | INFO     | joberbeck    | START
27.05.2016 14:23:22 | menu             - <module>               | INFO     | jtegethoff   | START
27.05.2016 15:05:17 | menu             - <module>               | INFO     | mkuelkoeylue | START
27.05.2016 15:16:54 | menu             - <module>               | INFO     | jtegethoff   | START
28.05.2016 11:16:11 | menu             - <module>               | INFO     | arichter     | START
28.05.2016 14:53:34 | menu             - <module>               | INFO     | arichter     | START
29.05.2016 22:31:00 | menu             - <module>               | INFO     | arichter     | START
29.05.2016 22:40:28 | menu             - <module>               | INFO     | arichter     | START
29.05.2016 22:46:00 | menu             - <module>               | INFO     | arichter     | START
29.05.2016 22:51:36 | menu             - <module>               | INFO     | arichter     | START
30.05.2016 00:42:09 | menu             - <module>               | INFO     | arichter     | START
30.05.2016 00:52:37 | menu             - <module>               | INFO     | arichter     | START
30.05.2016 00:55:07 | menu             - <module>               | INFO     | arichter     | START
30.05.2016 00:58:55 | menu             - <module>               | INFO     | arichter     | START
30.05.2016 01:01:40 | menu             - <module>               | INFO     | arichter     | START
30.05.2016 11:02:30 | menu             - <module>               | INFO     | arichter     | START
30.05.2016 18:46:07 | menu             - <module>               | INFO     | arichter     | START
01.06.2016 16:18:02 | menu             - <module>               | INFO     | arichter     | START
31.05.2016 11:12:47 | menu             - <module>               | INFO     | mlange       | START
31.05.2016 13:18:44 | menu             - <module>               | INFO     | jtegethoff   | START
31.05.2016 13:47:07 | menu             - <module>               | INFO     | jtegethoff   | START
31.05.2016 15:02:03 | menu             - <module>               | INFO     | jtegethoff   | START
31.05.2016 15:09:28 | menu             - <module>               | INFO     | jtegethoff   | START
01.06.2016 16:19:04 | menu             - <module>               | INFO     | jtegethoff   | START
01.06.2016 17:47:00 | menu             - <module>               | INFO     | jtegethoff   | START
01.06.2016 22:32:18 | menu             - <module>               | INFO     | arichter     | START
02.06.2016 16:27:09 | menu             - <module>               | INFO     | mkuelkoeylue | START
03.06.2016 12:51:19 | menu             - <module>               | INFO     | mkuelkoeylue | START
03.06.2016 14:17:25 | menu             - <module>               | INFO     | mkuelkoeylue | START
03.06.2016 16:07:40 | menu             - <module>               | INFO     | mkoegel      | START
06.06.2016 11:20:50 | menu             - <module>               | INFO     | mkuelkoeylue | START
06.06.2016 13:05:24 | menu             - <module>               | INFO     | jtegethoff   | START
06.06.2016 13:35:31 | menu             - <module>               | INFO     | mlange       | START
06.06.2016 16:30:14 | menu             - <module>               | INFO     | arichter     | START
06.06.2016 16:33:26 | menu             - <module>               | INFO     | arichter     | START
06.06.2016 17:28:07 | menu             - <module>               | INFO     | arichter     | START
06.06.2016 18:37:54 | menu             - <module>               | INFO     | mkuelkoeylue | START
06.06.2016 19:23:59 | menu             - <module>               | INFO     | mlange       | START
06.06.2016 22:09:39 | menu             - <module>               | INFO     | arichter     | START
07.06.2016 10:42:51 | menu             - <module>               | INFO     | mkuelkoeylue | START
07.06.2016 12:59:15 | menu             - <module>               | INFO     | jtegethoff   | START
07.06.2016 14:03:36 | menu             - <module>               | INFO     | joberbeck    | START
07.06.2016 17:09:07 | menu             - <module>               | INFO     | mlange       | START
08.06.2016 10:46:55 | menu             - <module>               | INFO     | mkuelkoeylue | START
08.06.2016 14:18:05 | menu             - <module>               | INFO     | mlange       | START
08.06.2016 14:25:08 | menu             - <module>               | INFO     | mlange       | START
08.06.2016 15:00:54 | menu             - <module>               | INFO     | jtegethoff   | START
08.06.2016 16:22:04 | menu             - <module>               | INFO     | joberbeck    | START
08.06.2016 20:41:50 | menu             - <module>               | INFO     | jtegethoff   | START
08.06.2016 20:54:56 | menu             - <module>               | INFO     | jtegethoff   | START
08.06.2016 22:34:34 | menu             - <module>               | INFO     | arichter     | START
08.06.2016 22:39:29 | menu             - <module>               | INFO     | arichter     | START
08.06.2016 23:48:33 | menu             - <module>               | INFO     | mkuelkoeylue | START
09.06.2016 13:10:16 | menu             - <module>               | INFO     | arichter     | START
09.06.2016 13:13:52 | menu             - <module>               | INFO     | mkuelkoeylue | START
09.06.2016 14:55:29 | menu             - <module>               | INFO     | jtegethoff   | START
09.06.2016 15:09:59 | menu             - <module>               | INFO     | jtegethoff   | START
09.06.2016 15:11:55 | menu             - <module>               | INFO     | jtegethoff   | START
09.06.2016 16:33:57 | menu             - <module>               | INFO     | joberbeck    | START
10.06.2016 15:56:41 | menu             - <module>               | INFO     | mkuelkoeylue | START
10.06.2016 16:31:37 | menu             - <module>               | INFO     | nmaderthoner | START
10.06.2016 23:51:39 | menu             - <module>               | INFO     | nmaderthoner | START
11.06.2016 14:41:30 | menu             - <module>               | INFO     | arichter     | START
11.06.2016 18:18:34 | userSetup        - <module>               | INFO     | arichter     | START
11.06.2016 18:20:49 | userSetup        - <module>               | INFO     | arichter     | START
11.06.2016 18:26:20 | userSetup        - <module>               | INFO     | arichter     | START
11.06.2016 18:43:02 | userSetup        - <module>               | INFO     | arichter     | START
11.06.2016 18:47:06 | userSetup        - <module>               | INFO     | arichter     | START
11.06.2016 21:43:51 | userSetup        - <module>               | INFO     | arichter     | START
11.06.2016 21:50:17 | userSetup        - <module>               | INFO     | arichter     | START
11.06.2016 22:10:11 | userSetup        - <module>               | INFO     | arichter     | START
12.06.2016 14:51:52 | userSetup        - <module>               | INFO     | arichter     | START
12.06.2016 15:44:57 | userSetup        - <module>               | INFO     | arichter     | START
12.06.2016 17:18:06 | userSetup        - <module>               | INFO     | arichter     | START
12.06.2016 17:49:53 | userSetup        - <module>               | INFO     | arichter     | START
12.06.2016 18:05:42 | userSetup        - <module>               | INFO     | arichter     | START
13.06.2016 13:11:51 | userSetup        - <module>               | INFO     | arichter     | START
13.06.2016 15:59:59 | userSetup        - <module>               | INFO     | arichter     | START
13.06.2016 16:14:57 | userSetup        - <module>               | INFO     | arichter     | START
13.06.2016 16:21:51 | userSetup        - <module>               | INFO     | arichter     | START
13.06.2016 17:10:18 | userSetup        - <module>               | INFO     | arichter     | START
17.06.2016 14:34:24 | userSetup        - <module>               | INFO     | arichter     | START
20.06.2016 18:41:02 | userSetup        - <module>               | INFO     | arichter     | START
20.06.2016 21:20:42 | userSetup        - <module>               | INFO     | arichter     | START
20.06.2016 21:26:27 | userSetup        - <module>               | INFO     | arichter     | START
21.06.2016 16:54:57 | userSetup        - <module>               | INFO     | arichter     | START
21.06.2016 18:59:47 | userSetup        - <module>               | INFO     | arichter     | START
21.06.2016 20:13:57 | userSetup        - <module>               | INFO     | arichter     | START
21.06.2016 23:42:05 | userSetup        - <module>               | INFO     | arichter     | START
21.06.2016 23:48:40 | userSetup        - <module>               | INFO     | arichter     | START
22.06.2016 11:17:19 | userSetup        - <module>               | INFO     | arichter     | START
22.06.2016 11:22:09 | userSetup        - <module>               | INFO     | arichter     | START
22.06.2016 11:26:53 | userSetup        - <module>               | INFO     | arichter     | START
22.06.2016 22:59:46 | userSetup        - <module>               | INFO     | arichter     | START
23.06.2016 13:26:19 | userSetup        - <module>               | INFO     | arichter     | START
23.06.2016 13:40:57 | userSetup        - <module>               | INFO     | arichter     | START
23.06.2016 13:41:51 | userSetup        - <module>               | INFO     | arichter     | START
25.06.2016 01:50:12 | userSetup        - <module>               | INFO     | arichter     | START
25.06.2016 14:28:46 | userSetup        - <module>               | INFO     | arichter     | START
28.06.2016 01:25:51 | userSetup        - <module>               | INFO     | arichter     | START
28.06.2016 11:28:50 | userSetup        - <module>               | INFO     | arichter     | START
28.06.2016 13:42:34 | userSetup        - <module>               | INFO     | arichter     | START
28.06.2016 18:35:22 | userSetup        - <module>               | INFO     | arichter     | START
29.06.2016 12:27:13 | userSetup        - <module>               | INFO     | arichter     | START
29.06.2016 15:28:50 | userSetup        - <module>               | INFO     | arichter     | START
29.06.2016 15:41:30 | userSetup        - <module>               | INFO     | arichter     | START
30.06.2016 11:59:33 | userSetup        - <module>               | INFO     | arichter     | START
30.06.2016 16:23:04 | userSetup        - <module>               | INFO     | arichter     | START
30.06.2016 16:25:44 | userSetup        - <module>               | INFO     | arichter     | START
30.06.2016 16:26:21 | userSetup        - <module>               | INFO     | arichter     | START
30.06.2016 16:30:07 | userSetup        - <module>               | INFO     | arichter     | START
30.06.2016 19:36:25 | userSetup        - <module>               | INFO     | arichter     | START
30.06.2016 19:38:34 | userSetup        - <module>               | INFO     | arichter     | START
30.06.2016 19:39:38 | userSetup        - <module>               | INFO     | arichter     | START
30.06.2016 19:45:20 | userSetup        - <module>               | INFO     | arichter     | START
30.06.2016 20:01:07 | userSetup        - <module>               | INFO     | arichter     | START
30.06.2016 20:21:05 | userSetup        - <module>               | INFO     | arichter     | START
01.07.2016 11:31:50 | userSetup        - <module>               | INFO     | arichter     | START
01.07.2016 13:34:52 | userSetup        - <module>               | INFO     | arichter     | START
01.07.2016 13:41:18 | userSetup        - <module>               | INFO     | arichter     | START
01.07.2016 21:07:49 | userSetup        - <module>               | INFO     | arichter     | START
01.07.2016 21:15:45 | userSetup        - <module>               | INFO     | arichter     | START
02.07.2016 01:01:50 | userSetup        - <module>               | INFO     | arichter     | START
02.07.2016 01:21:46 | userSetup        - <module>               | INFO     | arichter     | START
03.07.2016 09:27:07 | userSetup        - <module>               | INFO     | arichter     | START
07.07.2016 01:11:13 | userSetup        - <module>               | INFO     | arichter     | START
10.07.2016 15:54:16 | userSetup        - <module>               | INFO     | arichter     | START
